{"/Users/julius/dev/ping/ut-oss/packages/react/native/index.cjs": {"path":"/Users/julius/dev/ping/ut-oss/packages/react/native/index.cjs","statementMap":{"0":{"start":{"line":1,"column":12},"end":{"line":1,"column":28}},"1":{"start":{"line":2,"column":13},"end":{"line":2,"column":43}},"2":{"start":{"line":3,"column":13},"end":{"line":3,"column":42}},"3":{"start":{"line":5,"column":31},"end":{"line":5,"column":77}},"4":{"start":{"line":7,"column":34},"end":{"line":7,"column":56}},"5":{"start":{"line":9,"column":23},"end":{"line":11,"column":1}},"6":{"start":{"line":14,"column":13},"end":{"line":14,"column":23}},"7":{"start":{"line":14,"column":17},"end":{"line":14,"column":23}},"8":{"start":{"line":18,"column":31},"end":{"line":18,"column":111}},"9":{"start":{"line":26,"column":22},"end":{"line":27,"column":43}},"10":{"start":{"line":28,"column":4},"end":{"line":32,"column":null}},"11":{"start":{"line":29,"column":8},"end":{"line":29,"column":null}},"12":{"start":{"line":35,"column":22},"end":{"line":35,"column":57}},"13":{"start":{"line":36,"column":4},"end":{"line":39,"column":null}},"14":{"start":{"line":38,"column":8},"end":{"line":38,"column":null}},"15":{"start":{"line":40,"column":4},"end":{"line":40,"column":null}},"16":{"start":{"line":46,"column":4},"end":{"line":46,"column":null}},"17":{"start":{"line":51,"column":18},"end":{"line":51,"column":34}},"18":{"start":{"line":53,"column":26},"end":{"line":53,"column":45}},"19":{"start":{"line":54,"column":25},"end":{"line":57,"column":5}},"20":{"start":{"line":59,"column":25},"end":{"line":78,"column":5}},"21":{"start":{"line":60,"column":8},"end":{"line":77,"column":null}},"22":{"start":{"line":62,"column":16},"end":{"line":64,"column":null}},"23":{"start":{"line":66,"column":16},"end":{"line":69,"column":null}},"24":{"start":{"line":71,"column":16},"end":{"line":74,"column":null}},"25":{"start":{"line":76,"column":16},"end":{"line":76,"column":null}},"26":{"start":{"line":79,"column":30},"end":{"line":79,"column":74}},"27":{"start":{"line":80,"column":4},"end":{"line":128,"column":null}},"28":{"start":{"line":82,"column":8},"end":{"line":82,"column":null}},"29":{"start":{"line":82,"column":18},"end":{"line":82,"column":null}},"30":{"start":{"line":83,"column":8},"end":{"line":83,"column":null}},"31":{"start":{"line":84,"column":26},"end":{"line":118,"column":9}},"32":{"start":{"line":85,"column":12},"end":{"line":87,"column":null}},"33":{"start":{"line":89,"column":12},"end":{"line":95,"column":null}},"34":{"start":{"line":90,"column":16},"end":{"line":93,"column":null}},"35":{"start":{"line":94,"column":16},"end":{"line":94,"column":null}},"36":{"start":{"line":96,"column":12},"end":{"line":117,"column":null}},"37":{"start":{"line":97,"column":33},"end":{"line":97,"column":58}},"38":{"start":{"line":98,"column":16},"end":{"line":100,"column":null}},"39":{"start":{"line":99,"column":20},"end":{"line":99,"column":null}},"40":{"start":{"line":101,"column":36},"end":{"line":101,"column":72}},"41":{"start":{"line":102,"column":16},"end":{"line":104,"column":null}},"42":{"start":{"line":103,"column":20},"end":{"line":103,"column":null}},"43":{"start":{"line":105,"column":16},"end":{"line":105,"column":null}},"44":{"start":{"line":106,"column":16},"end":{"line":106,"column":null}},"45":{"start":{"line":106,"column":43},"end":{"line":106,"column":null}},"46":{"start":{"line":107,"column":16},"end":{"line":110,"column":null}},"47":{"start":{"line":112,"column":16},"end":{"line":112,"column":null}},"48":{"start":{"line":112,"column":43},"end":{"line":112,"column":null}},"49":{"start":{"line":113,"column":16},"end":{"line":116,"column":null}},"50":{"start":{"line":119,"column":8},"end":{"line":119,"column":null}},"51":{"start":{"line":122,"column":8},"end":{"line":124,"column":null}},"52":{"start":{"line":123,"column":12},"end":{"line":123,"column":null}},"53":{"start":{"line":129,"column":4},"end":{"line":129,"column":null}},"54":{"start":{"line":132,"column":23},"end":{"line":137,"column":1}},"55":{"start":{"line":133,"column":28},"end":{"line":133,"column":52}},"56":{"start":{"line":134,"column":21},"end":{"line":135,"column":43}},"57":{"start":{"line":136,"column":4},"end":{"line":136,"column":null}},"58":{"start":{"line":136,"column":48},"end":{"line":136,"column":67}},"59":{"start":{"line":143,"column":32},"end":{"line":143,"column":75}},"60":{"start":{"line":144,"column":43},"end":{"line":148,"column":6}},"61":{"start":{"line":149,"column":40},"end":{"line":149,"column":61}},"62":{"start":{"line":150,"column":27},"end":{"line":150,"column":42}},"63":{"start":{"line":151,"column":25},"end":{"line":151,"column":48}},"64":{"start":{"line":152,"column":24},"end":{"line":204,"column":6}},"65":{"start":{"line":153,"column":22},"end":{"line":153,"column":75}},"66":{"start":{"line":154,"column":22},"end":{"line":154,"column":29}},"67":{"start":{"line":155,"column":8},"end":{"line":155,"column":null}},"68":{"start":{"line":156,"column":8},"end":{"line":156,"column":null}},"69":{"start":{"line":156,"column":27},"end":{"line":156,"column":57}},"70":{"start":{"line":157,"column":8},"end":{"line":157,"column":null}},"71":{"start":{"line":158,"column":8},"end":{"line":203,"column":null}},"72":{"start":{"line":159,"column":24},"end":{"line":182,"column":14}},"73":{"start":{"line":164,"column":20},"end":{"line":164,"column":null}},"74":{"start":{"line":164,"column":49},"end":{"line":164,"column":null}},"75":{"start":{"line":165,"column":20},"end":{"line":165,"column":null}},"76":{"start":{"line":166,"column":30},"end":{"line":166,"column":31}},"77":{"start":{"line":167,"column":20},"end":{"line":169,"column":null}},"78":{"start":{"line":168,"column":24},"end":{"line":168,"column":null}},"79":{"start":{"line":170,"column":44},"end":{"line":170,"column":133}},"80":{"start":{"line":171,"column":20},"end":{"line":174,"column":null}},"81":{"start":{"line":172,"column":24},"end":{"line":172,"column":null}},"82":{"start":{"line":173,"column":24},"end":{"line":173,"column":null}},"83":{"start":{"line":177,"column":20},"end":{"line":177,"column":null}},"84":{"start":{"line":177,"column":46},"end":{"line":177,"column":null}},"85":{"start":{"line":178,"column":20},"end":{"line":178,"column":null}},"86":{"start":{"line":183,"column":12},"end":{"line":183,"column":null}},"87":{"start":{"line":184,"column":12},"end":{"line":184,"column":null}},"88":{"start":{"line":189,"column":10},"end":{"line":189,"column":null}},"89":{"start":{"line":189,"column":54},"end":{"line":189,"column":null}},"90":{"start":{"line":191,"column":12},"end":{"line":197,"column":null}},"91":{"start":{"line":192,"column":16},"end":{"line":192,"column":null}},"92":{"start":{"line":194,"column":16},"end":{"line":194,"column":null}},"93":{"start":{"line":196,"column":16},"end":{"line":196,"column":null}},"94":{"start":{"line":198,"column":12},"end":{"line":198,"column":null}},"95":{"start":{"line":200,"column":12},"end":{"line":200,"column":null}},"96":{"start":{"line":201,"column":12},"end":{"line":201,"column":null}},"97":{"start":{"line":202,"column":12},"end":{"line":202,"column":null}},"98":{"start":{"line":205,"column":22},"end":{"line":205,"column":60}},"99":{"start":{"line":206,"column":24},"end":{"line":206,"column":61}},"100":{"start":{"line":207,"column":4},"end":{"line":211,"column":null}},"101":{"start":{"line":213,"column":118},"end":{"line":213,"column":140}},"102":{"start":{"line":214,"column":29},"end":{"line":243,"column":1}},"103":{"start":{"line":215,"column":4},"end":{"line":215,"column":null}},"104":{"start":{"line":216,"column":18},"end":{"line":216,"column":53}},"105":{"start":{"line":217,"column":16},"end":{"line":217,"column":56}},"106":{"start":{"line":218,"column":26},"end":{"line":222,"column":6}},"107":{"start":{"line":224,"column":8},"end":{"line":224,"column":null}},"108":{"start":{"line":227,"column":32},"end":{"line":227,"column":56}},"109":{"start":{"line":228,"column":25},"end":{"line":228,"column":73}},"110":{"start":{"line":229,"column":23},"end":{"line":229,"column":78}},"111":{"start":{"line":229,"column":50},"end":{"line":229,"column":69}},"112":{"start":{"line":230,"column":8},"end":{"line":232,"column":null}},"113":{"start":{"line":231,"column":12},"end":{"line":231,"column":null}},"114":{"start":{"line":233,"column":8},"end":{"line":233,"column":null}},"115":{"start":{"line":235,"column":4},"end":{"line":242,"column":null}},"116":{"start":{"line":245,"column":0},"end":{"line":245,"column":null}},"117":{"start":{"line":246,"column":0},"end":{"line":246,"column":null}}},"fnMap":{"0":{"name":"_interopDefault","decl":{"start":{"line":5,"column":9},"end":{"line":5,"column":24}},"loc":{"start":{"line":5,"column":29},"end":{"line":5,"column":null}}},"1":{"name":"(anonymous_1)","decl":{"start":{"line":14,"column":13},"end":{"line":14,"column":14}},"loc":{"start":{"line":14,"column":17},"end":{"line":14,"column":23}}},"2":{"name":"useEvent","decl":{"start":{"line":24,"column":13},"end":{"line":24,"column":21}},"loc":{"start":{"line":24,"column":32},"end":{"line":41,"column":null}}},"3":{"name":"(anonymous_3)","decl":{"start":{"line":28,"column":23},"end":{"line":28,"column":24}},"loc":{"start":{"line":28,"column":27},"end":{"line":30,"column":5}}},"4":{"name":"(anonymous_4)","decl":{"start":{"line":36,"column":26},"end":{"line":36,"column":34}},"loc":{"start":{"line":36,"column":37},"end":{"line":39,"column":5}}},"5":{"name":"useEvent_shouldNotBeInvokedBeforeMount","decl":{"start":{"line":45,"column":13},"end":{"line":45,"column":51}},"loc":{"start":{"line":45,"column":54},"end":{"line":47,"column":null}}},"6":{"name":"useFetch","decl":{"start":{"line":50,"column":9},"end":{"line":50,"column":17}},"loc":{"start":{"line":50,"column":39},"end":{"line":130,"column":null}}},"7":{"name":"(anonymous_7)","decl":{"start":{"line":59,"column":25},"end":{"line":59,"column":26}},"loc":{"start":{"line":59,"column":42},"end":{"line":78,"column":5}}},"8":{"name":"(anonymous_8)","decl":{"start":{"line":80,"column":20},"end":{"line":80,"column":21}},"loc":{"start":{"line":80,"column":24},"end":{"line":126,"column":5}}},"9":{"name":"(anonymous_9)","decl":{"start":{"line":84,"column":26},"end":{"line":84,"column":31}},"loc":{"start":{"line":84,"column":36},"end":{"line":118,"column":9}}},"10":{"name":"(anonymous_10)","decl":{"start":{"line":122,"column":15},"end":{"line":122,"column":16}},"loc":{"start":{"line":122,"column":19},"end":{"line":124,"column":9}}},"11":{"name":"(anonymous_11)","decl":{"start":{"line":132,"column":23},"end":{"line":132,"column":24}},"loc":{"start":{"line":132,"column":47},"end":{"line":137,"column":1}}},"12":{"name":"(anonymous_12)","decl":{"start":{"line":136,"column":43},"end":{"line":136,"column":44}},"loc":{"start":{"line":136,"column":48},"end":{"line":136,"column":67}}},"13":{"name":"useUploadThingInternal","decl":{"start":{"line":142,"column":13},"end":{"line":142,"column":35}},"loc":{"start":{"line":142,"column":64},"end":{"line":212,"column":null}}},"14":{"name":"(anonymous_14)","decl":{"start":{"line":152,"column":33},"end":{"line":152,"column":38}},"loc":{"start":{"line":152,"column":50},"end":{"line":204,"column":5}}},"15":{"name":"(anonymous_15)","decl":{"start":{"line":156,"column":22},"end":{"line":156,"column":23}},"loc":{"start":{"line":156,"column":27},"end":{"line":156,"column":57}}},"16":{"name":"(anonymous_16)","decl":{"start":{"line":163,"column":34},"end":{"line":163,"column":35}},"loc":{"start":{"line":163,"column":46},"end":{"line":175,"column":17}}},"17":{"name":"(anonymous_17)","decl":{"start":{"line":167,"column":49},"end":{"line":167,"column":50}},"loc":{"start":{"line":167,"column":54},"end":{"line":169,"column":21}}},"18":{"name":"(anonymous_18)","decl":{"start":{"line":176,"column":16},"end":{"line":176,"column":29}},"loc":{"start":{"line":176,"column":41},"end":{"line":179,"column":17}}},"19":{"name":"(anonymous_19)","decl":{"start":{"line":214,"column":29},"end":{"line":214,"column":30}},"loc":{"start":{"line":214,"column":41},"end":{"line":243,"column":1}}},"20":{"name":"useUploadThing","decl":{"start":{"line":223,"column":13},"end":{"line":223,"column":27}},"loc":{"start":{"line":223,"column":44},"end":{"line":225,"column":null}}},"21":{"name":"getRouteConfig","decl":{"start":{"line":226,"column":13},"end":{"line":226,"column":27}},"loc":{"start":{"line":226,"column":34},"end":{"line":234,"column":null}}},"22":{"name":"(anonymous_22)","decl":{"start":{"line":229,"column":45},"end":{"line":229,"column":46}},"loc":{"start":{"line":229,"column":50},"end":{"line":229,"column":69}}}},"branchMap":{"0":{"loc":{"start":{"line":5,"column":38},"end":{"line":5,"column":76}},"type":"cond-expr","locations":[{"start":{"line":5,"column":58},"end":{"line":5,"column":59}},{"start":{"line":5,"column":62},"end":{"line":5,"column":76}}]},"1":{"loc":{"start":{"line":5,"column":38},"end":{"line":5,"column":55}},"type":"binary-expr","locations":[{"start":{"line":5,"column":38},"end":{"line":5,"column":39}},{"start":{"line":5,"column":43},"end":{"line":5,"column":55}}]},"2":{"loc":{"start":{"line":18,"column":31},"end":{"line":18,"column":111}},"type":"cond-expr","locations":[{"start":{"line":18,"column":63},"end":{"line":18,"column":104}},{"start":{"line":18,"column":107},"end":{"line":18,"column":111}}]},"3":{"loc":{"start":{"line":60,"column":8},"end":{"line":77,"column":null}},"type":"switch","locations":[{"start":{"line":61,"column":12},"end":{"line":64,"column":null}},{"start":{"line":65,"column":12},"end":{"line":69,"column":null}},{"start":{"line":70,"column":12},"end":{"line":74,"column":null}},{"start":{"line":75,"column":12},"end":{"line":76,"column":null}}]},"4":{"loc":{"start":{"line":82,"column":8},"end":{"line":82,"column":null}},"type":"if","locations":[{"start":{"line":82,"column":8},"end":{"line":82,"column":null}},{"start":{},"end":{}}]},"5":{"loc":{"start":{"line":89,"column":12},"end":{"line":95,"column":null}},"type":"if","locations":[{"start":{"line":89,"column":12},"end":{"line":95,"column":null}},{"start":{},"end":{}}]},"6":{"loc":{"start":{"line":98,"column":16},"end":{"line":100,"column":null}},"type":"if","locations":[{"start":{"line":98,"column":16},"end":{"line":100,"column":null}},{"start":{},"end":{}}]},"7":{"loc":{"start":{"line":102,"column":16},"end":{"line":104,"column":null}},"type":"if","locations":[{"start":{"line":102,"column":16},"end":{"line":104,"column":null}},{"start":{},"end":{}}]},"8":{"loc":{"start":{"line":106,"column":16},"end":{"line":106,"column":null}},"type":"if","locations":[{"start":{"line":106,"column":16},"end":{"line":106,"column":null}},{"start":{},"end":{}}]},"9":{"loc":{"start":{"line":112,"column":16},"end":{"line":112,"column":null}},"type":"if","locations":[{"start":{"line":112,"column":16},"end":{"line":112,"column":null}},{"start":{},"end":{}}]},"10":{"loc":{"start":{"line":135,"column":4},"end":{"line":135,"column":42}},"type":"cond-expr","locations":[{"start":{"line":135,"column":22},"end":{"line":135,"column":31}},{"start":{"line":135,"column":34},"end":{"line":135,"column":42}}]},"11":{"loc":{"start":{"line":136,"column":12},"end":{"line":136,"column":35}},"type":"binary-expr","locations":[{"start":{"line":136,"column":12},"end":{"line":136,"column":27}},{"start":{"line":136,"column":31},"end":{"line":136,"column":35}}]},"12":{"loc":{"start":{"line":143,"column":32},"end":{"line":143,"column":75}},"type":"binary-expr","locations":[{"start":{"line":143,"column":32},"end":{"line":143,"column":63}},{"start":{"line":143,"column":67},"end":{"line":143,"column":75}}]},"13":{"loc":{"start":{"line":153,"column":22},"end":{"line":153,"column":75}},"type":"binary-expr","locations":[{"start":{"line":153,"column":22},"end":{"line":153,"column":64}},{"start":{"line":153,"column":68},"end":{"line":153,"column":75}}]},"14":{"loc":{"start":{"line":164,"column":20},"end":{"line":164,"column":null}},"type":"if","locations":[{"start":{"line":164,"column":20},"end":{"line":164,"column":null}},{"start":{},"end":{}}]},"15":{"loc":{"start":{"line":171,"column":20},"end":{"line":174,"column":null}},"type":"if","locations":[{"start":{"line":171,"column":20},"end":{"line":174,"column":null}},{"start":{},"end":{}}]},"16":{"loc":{"start":{"line":177,"column":20},"end":{"line":177,"column":null}},"type":"if","locations":[{"start":{"line":177,"column":20},"end":{"line":177,"column":null}},{"start":{},"end":{}}]},"17":{"loc":{"start":{"line":189,"column":10},"end":{"line":189,"column":null}},"type":"if","locations":[{"start":{"line":189,"column":10},"end":{"line":189,"column":null}},{"start":{},"end":{}}]},"18":{"loc":{"start":{"line":191,"column":12},"end":{"line":197,"column":null}},"type":"if","locations":[{"start":{"line":191,"column":12},"end":{"line":197,"column":null}},{"start":{"line":193,"column":19},"end":{"line":197,"column":null}}]},"19":{"loc":{"start":{"line":196,"column":115},"end":{"line":196,"column":182}},"type":"cond-expr","locations":[{"start":{"line":196,"column":146},"end":{"line":196,"column":168}},{"start":{"line":196,"column":171},"end":{"line":196,"column":182}}]},"20":{"loc":{"start":{"line":216,"column":18},"end":{"line":216,"column":53}},"type":"binary-expr","locations":[{"start":{"line":216,"column":18},"end":{"line":216,"column":33}},{"start":{"line":216,"column":37},"end":{"line":216,"column":53}}]},"21":{"loc":{"start":{"line":230,"column":8},"end":{"line":232,"column":null}},"type":"if","locations":[{"start":{"line":230,"column":8},"end":{"line":232,"column":null}},{"start":{},"end":{}}]}},"s":{"0":0,"1":0,"2":0,"3":0,"4":0,"5":0,"6":0,"7":0,"8":0,"9":0,"10":0,"11":0,"12":0,"13":0,"14":0,"15":0,"16":0,"17":0,"18":0,"19":0,"20":0,"21":0,"22":0,"23":0,"24":0,"25":0,"26":0,"27":0,"28":0,"29":0,"30":0,"31":0,"32":0,"33":0,"34":0,"35":0,"36":0,"37":0,"38":0,"39":0,"40":0,"41":0,"42":0,"43":0,"44":0,"45":0,"46":0,"47":0,"48":0,"49":0,"50":0,"51":0,"52":0,"53":0,"54":0,"55":0,"56":0,"57":0,"58":0,"59":0,"60":0,"61":0,"62":0,"63":0,"64":0,"65":0,"66":0,"67":0,"68":0,"69":0,"70":0,"71":0,"72":0,"73":0,"74":0,"75":0,"76":0,"77":0,"78":0,"79":0,"80":0,"81":0,"82":0,"83":0,"84":0,"85":0,"86":0,"87":0,"88":0,"89":0,"90":0,"91":0,"92":0,"93":0,"94":0,"95":0,"96":0,"97":0,"98":0,"99":0,"100":0,"101":0,"102":0,"103":0,"104":0,"105":0,"106":0,"107":0,"108":0,"109":0,"110":0,"111":0,"112":0,"113":0,"114":0,"115":0,"116":0,"117":0},"f":{"0":0,"1":0,"2":0,"3":0,"4":0,"5":0,"6":0,"7":0,"8":0,"9":0,"10":0,"11":0,"12":0,"13":0,"14":0,"15":0,"16":0,"17":0,"18":0,"19":0,"20":0,"21":0,"22":0},"b":{"0":[0,0],"1":[0,0],"2":[0,0],"3":[0,0,0,0],"4":[0,0],"5":[0,0],"6":[0,0],"7":[0,0],"8":[0,0],"9":[0,0],"10":[0,0],"11":[0,0],"12":[0,0],"13":[0,0],"14":[0,0],"15":[0,0],"16":[0,0],"17":[0,0],"18":[0,0],"19":[0,0],"20":[0,0],"21":[0,0]}}
,"/Users/julius/dev/ping/ut-oss/packages/react/native/index.js": {"path":"/Users/julius/dev/ping/ut-oss/packages/react/native/index.js","statementMap":{"0":{"start":{"line":5,"column":23},"end":{"line":7,"column":1}},"1":{"start":{"line":10,"column":13},"end":{"line":10,"column":23}},"2":{"start":{"line":10,"column":17},"end":{"line":10,"column":23}},"3":{"start":{"line":14,"column":31},"end":{"line":14,"column":94}},"4":{"start":{"line":22,"column":22},"end":{"line":23,"column":43}},"5":{"start":{"line":24,"column":4},"end":{"line":28,"column":null}},"6":{"start":{"line":25,"column":8},"end":{"line":25,"column":null}},"7":{"start":{"line":31,"column":22},"end":{"line":31,"column":40}},"8":{"start":{"line":32,"column":4},"end":{"line":35,"column":null}},"9":{"start":{"line":34,"column":8},"end":{"line":34,"column":null}},"10":{"start":{"line":36,"column":4},"end":{"line":36,"column":null}},"11":{"start":{"line":42,"column":4},"end":{"line":42,"column":null}},"12":{"start":{"line":47,"column":18},"end":{"line":47,"column":28}},"13":{"start":{"line":49,"column":26},"end":{"line":49,"column":39}},"14":{"start":{"line":50,"column":25},"end":{"line":53,"column":5}},"15":{"start":{"line":55,"column":25},"end":{"line":74,"column":5}},"16":{"start":{"line":56,"column":8},"end":{"line":73,"column":null}},"17":{"start":{"line":58,"column":16},"end":{"line":60,"column":null}},"18":{"start":{"line":62,"column":16},"end":{"line":65,"column":null}},"19":{"start":{"line":67,"column":16},"end":{"line":70,"column":null}},"20":{"start":{"line":72,"column":16},"end":{"line":72,"column":null}},"21":{"start":{"line":75,"column":30},"end":{"line":75,"column":68}},"22":{"start":{"line":76,"column":4},"end":{"line":124,"column":null}},"23":{"start":{"line":78,"column":8},"end":{"line":78,"column":null}},"24":{"start":{"line":78,"column":18},"end":{"line":78,"column":null}},"25":{"start":{"line":79,"column":8},"end":{"line":79,"column":null}},"26":{"start":{"line":80,"column":26},"end":{"line":114,"column":9}},"27":{"start":{"line":81,"column":12},"end":{"line":83,"column":null}},"28":{"start":{"line":85,"column":12},"end":{"line":91,"column":null}},"29":{"start":{"line":86,"column":16},"end":{"line":89,"column":null}},"30":{"start":{"line":90,"column":16},"end":{"line":90,"column":null}},"31":{"start":{"line":92,"column":12},"end":{"line":113,"column":null}},"32":{"start":{"line":93,"column":33},"end":{"line":93,"column":58}},"33":{"start":{"line":94,"column":16},"end":{"line":96,"column":null}},"34":{"start":{"line":95,"column":20},"end":{"line":95,"column":null}},"35":{"start":{"line":97,"column":36},"end":{"line":97,"column":65}},"36":{"start":{"line":98,"column":16},"end":{"line":100,"column":null}},"37":{"start":{"line":99,"column":20},"end":{"line":99,"column":null}},"38":{"start":{"line":101,"column":16},"end":{"line":101,"column":null}},"39":{"start":{"line":102,"column":16},"end":{"line":102,"column":null}},"40":{"start":{"line":102,"column":43},"end":{"line":102,"column":null}},"41":{"start":{"line":103,"column":16},"end":{"line":106,"column":null}},"42":{"start":{"line":108,"column":16},"end":{"line":108,"column":null}},"43":{"start":{"line":108,"column":43},"end":{"line":108,"column":null}},"44":{"start":{"line":109,"column":16},"end":{"line":112,"column":null}},"45":{"start":{"line":115,"column":8},"end":{"line":115,"column":null}},"46":{"start":{"line":118,"column":8},"end":{"line":120,"column":null}},"47":{"start":{"line":119,"column":12},"end":{"line":119,"column":null}},"48":{"start":{"line":125,"column":4},"end":{"line":125,"column":null}},"49":{"start":{"line":128,"column":23},"end":{"line":133,"column":1}},"50":{"start":{"line":129,"column":28},"end":{"line":129,"column":52}},"51":{"start":{"line":130,"column":21},"end":{"line":131,"column":43}},"52":{"start":{"line":132,"column":4},"end":{"line":132,"column":null}},"53":{"start":{"line":132,"column":48},"end":{"line":132,"column":67}},"54":{"start":{"line":139,"column":32},"end":{"line":139,"column":75}},"55":{"start":{"line":140,"column":43},"end":{"line":144,"column":6}},"56":{"start":{"line":145,"column":40},"end":{"line":145,"column":55}},"57":{"start":{"line":146,"column":27},"end":{"line":146,"column":36}},"58":{"start":{"line":147,"column":25},"end":{"line":147,"column":42}},"59":{"start":{"line":148,"column":24},"end":{"line":200,"column":6}},"60":{"start":{"line":149,"column":22},"end":{"line":149,"column":75}},"61":{"start":{"line":150,"column":22},"end":{"line":150,"column":29}},"62":{"start":{"line":151,"column":8},"end":{"line":151,"column":null}},"63":{"start":{"line":152,"column":8},"end":{"line":152,"column":null}},"64":{"start":{"line":152,"column":27},"end":{"line":152,"column":57}},"65":{"start":{"line":153,"column":8},"end":{"line":153,"column":null}},"66":{"start":{"line":154,"column":8},"end":{"line":199,"column":null}},"67":{"start":{"line":155,"column":24},"end":{"line":178,"column":14}},"68":{"start":{"line":160,"column":20},"end":{"line":160,"column":null}},"69":{"start":{"line":160,"column":49},"end":{"line":160,"column":null}},"70":{"start":{"line":161,"column":20},"end":{"line":161,"column":null}},"71":{"start":{"line":162,"column":30},"end":{"line":162,"column":31}},"72":{"start":{"line":163,"column":20},"end":{"line":165,"column":null}},"73":{"start":{"line":164,"column":24},"end":{"line":164,"column":null}},"74":{"start":{"line":166,"column":44},"end":{"line":166,"column":126}},"75":{"start":{"line":167,"column":20},"end":{"line":170,"column":null}},"76":{"start":{"line":168,"column":24},"end":{"line":168,"column":null}},"77":{"start":{"line":169,"column":24},"end":{"line":169,"column":null}},"78":{"start":{"line":173,"column":20},"end":{"line":173,"column":null}},"79":{"start":{"line":173,"column":46},"end":{"line":173,"column":null}},"80":{"start":{"line":174,"column":20},"end":{"line":174,"column":null}},"81":{"start":{"line":179,"column":12},"end":{"line":179,"column":null}},"82":{"start":{"line":180,"column":12},"end":{"line":180,"column":null}},"83":{"start":{"line":185,"column":10},"end":{"line":185,"column":null}},"84":{"start":{"line":185,"column":47},"end":{"line":185,"column":null}},"85":{"start":{"line":187,"column":12},"end":{"line":193,"column":null}},"86":{"start":{"line":188,"column":16},"end":{"line":188,"column":null}},"87":{"start":{"line":190,"column":16},"end":{"line":190,"column":null}},"88":{"start":{"line":192,"column":16},"end":{"line":192,"column":null}},"89":{"start":{"line":194,"column":12},"end":{"line":194,"column":null}},"90":{"start":{"line":196,"column":12},"end":{"line":196,"column":null}},"91":{"start":{"line":197,"column":12},"end":{"line":197,"column":null}},"92":{"start":{"line":198,"column":12},"end":{"line":198,"column":null}},"93":{"start":{"line":201,"column":22},"end":{"line":201,"column":53}},"94":{"start":{"line":202,"column":24},"end":{"line":202,"column":61}},"95":{"start":{"line":203,"column":4},"end":{"line":207,"column":null}},"96":{"start":{"line":209,"column":118},"end":{"line":209,"column":140}},"97":{"start":{"line":210,"column":29},"end":{"line":239,"column":1}},"98":{"start":{"line":211,"column":4},"end":{"line":211,"column":null}},"99":{"start":{"line":212,"column":18},"end":{"line":212,"column":53}},"100":{"start":{"line":213,"column":16},"end":{"line":213,"column":49}},"101":{"start":{"line":214,"column":26},"end":{"line":218,"column":6}},"102":{"start":{"line":220,"column":8},"end":{"line":220,"column":null}},"103":{"start":{"line":223,"column":32},"end":{"line":223,"column":56}},"104":{"start":{"line":224,"column":25},"end":{"line":224,"column":66}},"105":{"start":{"line":225,"column":23},"end":{"line":225,"column":78}},"106":{"start":{"line":225,"column":50},"end":{"line":225,"column":69}},"107":{"start":{"line":226,"column":8},"end":{"line":228,"column":null}},"108":{"start":{"line":227,"column":12},"end":{"line":227,"column":null}},"109":{"start":{"line":229,"column":8},"end":{"line":229,"column":null}},"110":{"start":{"line":231,"column":4},"end":{"line":238,"column":null}}},"fnMap":{"0":{"name":"(anonymous_0)","decl":{"start":{"line":10,"column":13},"end":{"line":10,"column":14}},"loc":{"start":{"line":10,"column":17},"end":{"line":10,"column":23}}},"1":{"name":"useEvent","decl":{"start":{"line":20,"column":13},"end":{"line":20,"column":21}},"loc":{"start":{"line":20,"column":32},"end":{"line":37,"column":null}}},"2":{"name":"(anonymous_2)","decl":{"start":{"line":24,"column":23},"end":{"line":24,"column":24}},"loc":{"start":{"line":24,"column":27},"end":{"line":26,"column":5}}},"3":{"name":"(anonymous_3)","decl":{"start":{"line":32,"column":26},"end":{"line":32,"column":34}},"loc":{"start":{"line":32,"column":37},"end":{"line":35,"column":5}}},"4":{"name":"useEvent_shouldNotBeInvokedBeforeMount","decl":{"start":{"line":41,"column":13},"end":{"line":41,"column":51}},"loc":{"start":{"line":41,"column":54},"end":{"line":43,"column":null}}},"5":{"name":"useFetch","decl":{"start":{"line":46,"column":9},"end":{"line":46,"column":17}},"loc":{"start":{"line":46,"column":39},"end":{"line":126,"column":null}}},"6":{"name":"(anonymous_6)","decl":{"start":{"line":55,"column":25},"end":{"line":55,"column":26}},"loc":{"start":{"line":55,"column":42},"end":{"line":74,"column":5}}},"7":{"name":"(anonymous_7)","decl":{"start":{"line":76,"column":14},"end":{"line":76,"column":15}},"loc":{"start":{"line":76,"column":18},"end":{"line":122,"column":5}}},"8":{"name":"(anonymous_8)","decl":{"start":{"line":80,"column":26},"end":{"line":80,"column":31}},"loc":{"start":{"line":80,"column":36},"end":{"line":114,"column":9}}},"9":{"name":"(anonymous_9)","decl":{"start":{"line":118,"column":15},"end":{"line":118,"column":16}},"loc":{"start":{"line":118,"column":19},"end":{"line":120,"column":9}}},"10":{"name":"(anonymous_10)","decl":{"start":{"line":128,"column":23},"end":{"line":128,"column":24}},"loc":{"start":{"line":128,"column":47},"end":{"line":133,"column":1}}},"11":{"name":"(anonymous_11)","decl":{"start":{"line":132,"column":43},"end":{"line":132,"column":44}},"loc":{"start":{"line":132,"column":48},"end":{"line":132,"column":67}}},"12":{"name":"useUploadThingInternal","decl":{"start":{"line":138,"column":13},"end":{"line":138,"column":35}},"loc":{"start":{"line":138,"column":64},"end":{"line":208,"column":null}}},"13":{"name":"(anonymous_13)","decl":{"start":{"line":148,"column":33},"end":{"line":148,"column":38}},"loc":{"start":{"line":148,"column":50},"end":{"line":200,"column":5}}},"14":{"name":"(anonymous_14)","decl":{"start":{"line":152,"column":22},"end":{"line":152,"column":23}},"loc":{"start":{"line":152,"column":27},"end":{"line":152,"column":57}}},"15":{"name":"(anonymous_15)","decl":{"start":{"line":159,"column":34},"end":{"line":159,"column":35}},"loc":{"start":{"line":159,"column":46},"end":{"line":171,"column":17}}},"16":{"name":"(anonymous_16)","decl":{"start":{"line":163,"column":49},"end":{"line":163,"column":50}},"loc":{"start":{"line":163,"column":54},"end":{"line":165,"column":21}}},"17":{"name":"(anonymous_17)","decl":{"start":{"line":172,"column":16},"end":{"line":172,"column":29}},"loc":{"start":{"line":172,"column":41},"end":{"line":175,"column":17}}},"18":{"name":"(anonymous_18)","decl":{"start":{"line":210,"column":29},"end":{"line":210,"column":30}},"loc":{"start":{"line":210,"column":41},"end":{"line":239,"column":1}}},"19":{"name":"useUploadThing","decl":{"start":{"line":219,"column":13},"end":{"line":219,"column":27}},"loc":{"start":{"line":219,"column":44},"end":{"line":221,"column":null}}},"20":{"name":"getRouteConfig","decl":{"start":{"line":222,"column":13},"end":{"line":222,"column":27}},"loc":{"start":{"line":222,"column":34},"end":{"line":230,"column":null}}},"21":{"name":"(anonymous_21)","decl":{"start":{"line":225,"column":45},"end":{"line":225,"column":46}},"loc":{"start":{"line":225,"column":50},"end":{"line":225,"column":69}}}},"branchMap":{"0":{"loc":{"start":{"line":14,"column":31},"end":{"line":14,"column":94}},"type":"cond-expr","locations":[{"start":{"line":14,"column":63},"end":{"line":14,"column":87}},{"start":{"line":14,"column":90},"end":{"line":14,"column":94}}]},"1":{"loc":{"start":{"line":56,"column":8},"end":{"line":73,"column":null}},"type":"switch","locations":[{"start":{"line":57,"column":12},"end":{"line":60,"column":null}},{"start":{"line":61,"column":12},"end":{"line":65,"column":null}},{"start":{"line":66,"column":12},"end":{"line":70,"column":null}},{"start":{"line":71,"column":12},"end":{"line":72,"column":null}}]},"2":{"loc":{"start":{"line":78,"column":8},"end":{"line":78,"column":null}},"type":"if","locations":[{"start":{"line":78,"column":8},"end":{"line":78,"column":null}},{"start":{},"end":{}}]},"3":{"loc":{"start":{"line":85,"column":12},"end":{"line":91,"column":null}},"type":"if","locations":[{"start":{"line":85,"column":12},"end":{"line":91,"column":null}},{"start":{},"end":{}}]},"4":{"loc":{"start":{"line":94,"column":16},"end":{"line":96,"column":null}},"type":"if","locations":[{"start":{"line":94,"column":16},"end":{"line":96,"column":null}},{"start":{},"end":{}}]},"5":{"loc":{"start":{"line":98,"column":16},"end":{"line":100,"column":null}},"type":"if","locations":[{"start":{"line":98,"column":16},"end":{"line":100,"column":null}},{"start":{},"end":{}}]},"6":{"loc":{"start":{"line":102,"column":16},"end":{"line":102,"column":null}},"type":"if","locations":[{"start":{"line":102,"column":16},"end":{"line":102,"column":null}},{"start":{},"end":{}}]},"7":{"loc":{"start":{"line":108,"column":16},"end":{"line":108,"column":null}},"type":"if","locations":[{"start":{"line":108,"column":16},"end":{"line":108,"column":null}},{"start":{},"end":{}}]},"8":{"loc":{"start":{"line":131,"column":4},"end":{"line":131,"column":42}},"type":"cond-expr","locations":[{"start":{"line":131,"column":22},"end":{"line":131,"column":31}},{"start":{"line":131,"column":34},"end":{"line":131,"column":42}}]},"9":{"loc":{"start":{"line":132,"column":12},"end":{"line":132,"column":35}},"type":"binary-expr","locations":[{"start":{"line":132,"column":12},"end":{"line":132,"column":27}},{"start":{"line":132,"column":31},"end":{"line":132,"column":35}}]},"10":{"loc":{"start":{"line":139,"column":32},"end":{"line":139,"column":75}},"type":"binary-expr","locations":[{"start":{"line":139,"column":32},"end":{"line":139,"column":63}},{"start":{"line":139,"column":67},"end":{"line":139,"column":75}}]},"11":{"loc":{"start":{"line":149,"column":22},"end":{"line":149,"column":75}},"type":"binary-expr","locations":[{"start":{"line":149,"column":22},"end":{"line":149,"column":64}},{"start":{"line":149,"column":68},"end":{"line":149,"column":75}}]},"12":{"loc":{"start":{"line":160,"column":20},"end":{"line":160,"column":null}},"type":"if","locations":[{"start":{"line":160,"column":20},"end":{"line":160,"column":null}},{"start":{},"end":{}}]},"13":{"loc":{"start":{"line":167,"column":20},"end":{"line":170,"column":null}},"type":"if","locations":[{"start":{"line":167,"column":20},"end":{"line":170,"column":null}},{"start":{},"end":{}}]},"14":{"loc":{"start":{"line":173,"column":20},"end":{"line":173,"column":null}},"type":"if","locations":[{"start":{"line":173,"column":20},"end":{"line":173,"column":null}},{"start":{},"end":{}}]},"15":{"loc":{"start":{"line":185,"column":10},"end":{"line":185,"column":null}},"type":"if","locations":[{"start":{"line":185,"column":10},"end":{"line":185,"column":null}},{"start":{},"end":{}}]},"16":{"loc":{"start":{"line":187,"column":12},"end":{"line":193,"column":null}},"type":"if","locations":[{"start":{"line":187,"column":12},"end":{"line":193,"column":null}},{"start":{"line":189,"column":19},"end":{"line":193,"column":null}}]},"17":{"loc":{"start":{"line":192,"column":115},"end":{"line":192,"column":182}},"type":"cond-expr","locations":[{"start":{"line":192,"column":146},"end":{"line":192,"column":168}},{"start":{"line":192,"column":171},"end":{"line":192,"column":182}}]},"18":{"loc":{"start":{"line":212,"column":18},"end":{"line":212,"column":53}},"type":"binary-expr","locations":[{"start":{"line":212,"column":18},"end":{"line":212,"column":33}},{"start":{"line":212,"column":37},"end":{"line":212,"column":53}}]},"19":{"loc":{"start":{"line":226,"column":8},"end":{"line":228,"column":null}},"type":"if","locations":[{"start":{"line":226,"column":8},"end":{"line":228,"column":null}},{"start":{},"end":{}}]}},"s":{"0":0,"1":0,"2":0,"3":0,"4":0,"5":0,"6":0,"7":0,"8":0,"9":0,"10":0,"11":0,"12":0,"13":0,"14":0,"15":0,"16":0,"17":0,"18":0,"19":0,"20":0,"21":0,"22":0,"23":0,"24":0,"25":0,"26":0,"27":0,"28":0,"29":0,"30":0,"31":0,"32":0,"33":0,"34":0,"35":0,"36":0,"37":0,"38":0,"39":0,"40":0,"41":0,"42":0,"43":0,"44":0,"45":0,"46":0,"47":0,"48":0,"49":0,"50":0,"51":0,"52":0,"53":0,"54":0,"55":0,"56":0,"57":0,"58":0,"59":0,"60":0,"61":0,"62":0,"63":0,"64":0,"65":0,"66":0,"67":0,"68":0,"69":0,"70":0,"71":0,"72":0,"73":0,"74":0,"75":0,"76":0,"77":0,"78":0,"79":0,"80":0,"81":0,"82":0,"83":0,"84":0,"85":0,"86":0,"87":0,"88":0,"89":0,"90":0,"91":0,"92":0,"93":0,"94":0,"95":0,"96":0,"97":0,"98":0,"99":0,"100":0,"101":0,"102":0,"103":0,"104":0,"105":0,"106":0,"107":0,"108":0,"109":0,"110":0},"f":{"0":0,"1":0,"2":0,"3":0,"4":0,"5":0,"6":0,"7":0,"8":0,"9":0,"10":0,"11":0,"12":0,"13":0,"14":0,"15":0,"16":0,"17":0,"18":0,"19":0,"20":0,"21":0},"b":{"0":[0,0],"1":[0,0,0,0],"2":[0,0],"3":[0,0],"4":[0,0],"5":[0,0],"6":[0,0],"7":[0,0],"8":[0,0],"9":[0,0],"10":[0,0],"11":[0,0],"12":[0,0],"13":[0,0],"14":[0,0],"15":[0,0],"16":[0,0],"17":[0,0],"18":[0,0],"19":[0,0]}}
,"/Users/julius/dev/ping/ut-oss/packages/react/next-ssr-plugin/index.cjs": {"path":"/Users/julius/dev/ping/ut-oss/packages/react/next-ssr-plugin/index.cjs","statementMap":{"0":{"start":{"line":2,"column":17},"end":{"line":2,"column":45}},"1":{"start":{"line":3,"column":12},"end":{"line":3,"column":28}},"2":{"start":{"line":4,"column":17},"end":{"line":4,"column":43}},"3":{"start":{"line":7,"column":15},"end":{"line":7,"column":28}},"4":{"start":{"line":9,"column":4},"end":{"line":9,"column":null}},"5":{"start":{"line":10,"column":4},"end":{"line":20,"column":null}},"6":{"start":{"line":11,"column":21},"end":{"line":14,"column":9}},"7":{"start":{"line":15,"column":8},"end":{"line":19,"column":null}},"8":{"start":{"line":21,"column":4},"end":{"line":21,"column":null}},"9":{"start":{"line":24,"column":0},"end":{"line":24,"column":null}}},"fnMap":{"0":{"name":"NextSSRPlugin","decl":{"start":{"line":6,"column":9},"end":{"line":6,"column":22}},"loc":{"start":{"line":6,"column":30},"end":{"line":22,"column":null}}},"1":{"name":"(anonymous_1)","decl":{"start":{"line":10,"column":37},"end":{"line":10,"column":38}},"loc":{"start":{"line":10,"column":41},"end":{"line":20,"column":5}}}},"branchMap":{},"s":{"0":0,"1":0,"2":0,"3":0,"4":0,"5":0,"6":0,"7":0,"8":0,"9":0},"f":{"0":0,"1":0},"b":{}}
,"/Users/julius/dev/ping/ut-oss/packages/react/next-ssr-plugin/index.js": {"path":"/Users/julius/dev/ping/ut-oss/packages/react/next-ssr-plugin/index.js","statementMap":{"0":{"start":{"line":7,"column":15},"end":{"line":7,"column":22}},"1":{"start":{"line":9,"column":4},"end":{"line":9,"column":null}},"2":{"start":{"line":10,"column":4},"end":{"line":20,"column":null}},"3":{"start":{"line":11,"column":21},"end":{"line":14,"column":9}},"4":{"start":{"line":15,"column":8},"end":{"line":19,"column":null}},"5":{"start":{"line":21,"column":4},"end":{"line":21,"column":null}}},"fnMap":{"0":{"name":"NextSSRPlugin","decl":{"start":{"line":6,"column":9},"end":{"line":6,"column":22}},"loc":{"start":{"line":6,"column":30},"end":{"line":22,"column":null}}},"1":{"name":"(anonymous_1)","decl":{"start":{"line":10,"column":26},"end":{"line":10,"column":27}},"loc":{"start":{"line":10,"column":30},"end":{"line":20,"column":5}}}},"branchMap":{},"s":{"0":0,"1":0,"2":0,"3":0,"4":0,"5":0},"f":{"0":0,"1":0},"b":{}}
,"/Users/julius/dev/ping/ut-oss/packages/react/src/next-ssr-plugin.tsx": {"path":"/Users/julius/dev/ping/ut-oss/packages/react/src/next-ssr-plugin.tsx","statementMap":{"0":{"start":{"line":13,"column":13},"end":{"line":13,"column":null}},"1":{"start":{"line":16,"column":2},"end":{"line":16,"column":null}},"2":{"start":{"line":18,"column":2},"end":{"line":27,"column":null}},"3":{"start":{"line":19,"column":17},"end":{"line":22,"column":null}},"4":{"start":{"line":24,"column":4},"end":{"line":25,"column":null}},"5":{"start":{"line":29,"column":2},"end":{"line":29,"column":null}}},"fnMap":{"0":{"name":"NextSSRPlugin","decl":{"start":{"line":12,"column":16},"end":{"line":12,"column":30}},"loc":{"start":{"line":12,"column":73},"end":{"line":30,"column":null}}},"1":{"name":"(anonymous_1)","decl":{"start":{"line":18,"column":24},"end":{"line":18,"column":30}},"loc":{"start":{"line":18,"column":30},"end":{"line":27,"column":3}}}},"branchMap":{},"s":{"0":0,"1":0,"2":0,"3":0,"4":0,"5":0},"f":{"0":0,"1":0},"b":{}}
,"/Users/julius/dev/ping/ut-oss/packages/react/src/use-uploadthing.ts": {"path":"/Users/julius/dev/ping/ut-oss/packages/react/src/use-uploadthing.ts","statementMap":{"0":{"start":{"line":38,"column":23},"end":{"line":50,"column":null}},"1":{"start":{"line":43,"column":26},"end":{"line":43,"column":null}},"2":{"start":{"line":44,"column":19},"end":{"line":48,"column":null}},"3":{"start":{"line":49,"column":2},"end":{"line":49,"column":null}},"4":{"start":{"line":49,"column":48},"end":{"line":49,"column":67}},"5":{"start":{"line":66,"column":30},"end":{"line":66,"column":null}},"6":{"start":{"line":67,"column":41},"end":{"line":71,"column":null}},"7":{"start":{"line":73,"column":38},"end":{"line":73,"column":null}},"8":{"start":{"line":74,"column":25},"end":{"line":74,"column":null}},"9":{"start":{"line":75,"column":23},"end":{"line":75,"column":null}},"10":{"start":{"line":82,"column":22},"end":{"line":145,"column":null}},"11":{"start":{"line":83,"column":19},"end":{"line":83,"column":null}},"12":{"start":{"line":84,"column":18},"end":{"line":84,"column":null}},"13":{"start":{"line":86,"column":4},"end":{"line":86,"column":null}},"14":{"start":{"line":87,"column":4},"end":{"line":87,"column":null}},"15":{"start":{"line":87,"column":25},"end":{"line":87,"column":55}},"16":{"start":{"line":88,"column":4},"end":{"line":88,"column":null}},"17":{"start":{"line":89,"column":4},"end":{"line":144,"column":null}},"18":{"start":{"line":90,"column":18},"end":{"line":117,"column":null}},"19":{"start":{"line":95,"column":10},"end":{"line":95,"column":null}},"20":{"start":{"line":95,"column":39},"end":{"line":95,"column":null}},"21":{"start":{"line":96,"column":10},"end":{"line":96,"column":null}},"22":{"start":{"line":97,"column":20},"end":{"line":97,"column":null}},"23":{"start":{"line":98,"column":10},"end":{"line":100,"column":null}},"24":{"start":{"line":99,"column":12},"end":{"line":99,"column":null}},"25":{"start":{"line":101,"column":34},"end":{"line":104,"column":null}},"26":{"start":{"line":105,"column":10},"end":{"line":108,"column":null}},"27":{"start":{"line":106,"column":12},"end":{"line":106,"column":null}},"28":{"start":{"line":107,"column":12},"end":{"line":107,"column":null}},"29":{"start":{"line":111,"column":10},"end":{"line":111,"column":null}},"30":{"start":{"line":111,"column":36},"end":{"line":111,"column":null}},"31":{"start":{"line":113,"column":10},"end":{"line":113,"column":null}},"32":{"start":{"line":119,"column":6},"end":{"line":119,"column":null}},"33":{"start":{"line":120,"column":6},"end":{"line":120,"column":null}},"34":{"start":{"line":126,"column":6},"end":{"line":126,"column":null}},"35":{"start":{"line":126,"column":43},"end":{"line":126,"column":null}},"36":{"start":{"line":129,"column":6},"end":{"line":138,"column":null}},"37":{"start":{"line":130,"column":8},"end":{"line":130,"column":null}},"38":{"start":{"line":132,"column":8},"end":{"line":132,"column":null}},"39":{"start":{"line":134,"column":8},"end":{"line":137,"column":null}},"40":{"start":{"line":139,"column":6},"end":{"line":139,"column":null}},"41":{"start":{"line":141,"column":6},"end":{"line":141,"column":null}},"42":{"start":{"line":142,"column":6},"end":{"line":142,"column":null}},"43":{"start":{"line":143,"column":6},"end":{"line":143,"column":null}},"44":{"start":{"line":147,"column":20},"end":{"line":147,"column":null}},"45":{"start":{"line":148,"column":22},"end":{"line":148,"column":null}},"46":{"start":{"line":150,"column":2},"end":{"line":154,"column":null}},"47":{"start":{"line":158,"column":40},"end":{"line":158,"column":null}},"48":{"start":{"line":160,"column":36},"end":{"line":206,"column":null}},"49":{"start":{"line":163,"column":2},"end":{"line":167,"column":null}},"50":{"start":{"line":169,"column":16},"end":{"line":169,"column":null}},"51":{"start":{"line":170,"column":14},"end":{"line":170,"column":null}},"52":{"start":{"line":172,"column":24},"end":{"line":176,"column":null}},"53":{"start":{"line":182,"column":4},"end":{"line":182,"column":null}},"54":{"start":{"line":186,"column":28},"end":{"line":186,"column":null}},"55":{"start":{"line":187,"column":21},"end":{"line":187,"column":null}},"56":{"start":{"line":188,"column":19},"end":{"line":188,"column":null}},"57":{"start":{"line":188,"column":48},"end":{"line":188,"column":67}},"58":{"start":{"line":189,"column":4},"end":{"line":193,"column":null}},"59":{"start":{"line":190,"column":6},"end":{"line":192,"column":null}},"60":{"start":{"line":194,"column":4},"end":{"line":194,"column":null}},"61":{"start":{"line":197,"column":2},"end":{"line":205,"column":null}}},"fnMap":{"0":{"name":"(anonymous_0)","decl":{"start":{"line":38,"column":23},"end":{"line":38,"column":null}},"loc":{"start":{"line":42,"column":38},"end":{"line":50,"column":null}}},"1":{"name":"(anonymous_1)","decl":{"start":{"line":49,"column":41},"end":{"line":49,"column":42}},"loc":{"start":{"line":49,"column":48},"end":{"line":49,"column":67}}},"2":{"name":"useUploadThingInternal","decl":{"start":{"line":57,"column":9},"end":{"line":57,"column":null}},"loc":{"start":{"line":65,"column":2},"end":{"line":155,"column":null}}},"3":{"name":"(anonymous_3)","decl":{"start":{"line":82,"column":31},"end":{"line":82,"column":41}},"loc":{"start":{"line":82,"column":61},"end":{"line":145,"column":3}}},"4":{"name":"(anonymous_4)","decl":{"start":{"line":87,"column":18},"end":{"line":87,"column":19}},"loc":{"start":{"line":87,"column":25},"end":{"line":87,"column":55}}},"5":{"name":"(anonymous_5)","decl":{"start":{"line":94,"column":26},"end":{"line":94,"column":27}},"loc":{"start":{"line":94,"column":40},"end":{"line":109,"column":null}}},"6":{"name":"(anonymous_6)","decl":{"start":{"line":98,"column":39},"end":{"line":98,"column":40}},"loc":{"start":{"line":98,"column":46},"end":{"line":100,"column":11}}},"7":{"name":"(anonymous_7)","decl":{"start":{"line":110,"column":8},"end":{"line":110,"column":22}},"loc":{"start":{"line":110,"column":32},"end":{"line":114,"column":null}}},"8":{"name":"(anonymous_8)","decl":{"start":{"line":160,"column":36},"end":{"line":160,"column":null}},"loc":{"start":{"line":162,"column":5},"end":{"line":206,"column":null}}},"9":{"name":"useUploadThing","decl":{"start":{"line":178,"column":11},"end":{"line":178,"column":null}},"loc":{"start":{"line":181,"column":4},"end":{"line":183,"column":null}}},"10":{"name":"getRouteConfig","decl":{"start":{"line":185,"column":11},"end":{"line":185,"column":26}},"loc":{"start":{"line":185,"column":69},"end":{"line":195,"column":null}}},"11":{"name":"(anonymous_11)","decl":{"start":{"line":188,"column":41},"end":{"line":188,"column":42}},"loc":{"start":{"line":188,"column":48},"end":{"line":188,"column":67}}}},"branchMap":{"0":{"loc":{"start":{"line":47,"column":4},"end":{"line":47,"column":null}},"type":"cond-expr","locations":[{"start":{"line":47,"column":22},"end":{"line":47,"column":34}},{"start":{"line":47,"column":34},"end":{"line":47,"column":null}}]},"1":{"loc":{"start":{"line":49,"column":10},"end":{"line":49,"column":36}},"type":"binary-expr","locations":[{"start":{"line":49,"column":10},"end":{"line":49,"column":29}},{"start":{"line":49,"column":29},"end":{"line":49,"column":36}}]},"2":{"loc":{"start":{"line":66,"column":30},"end":{"line":66,"column":null}},"type":"binary-expr","locations":[{"start":{"line":66,"column":30},"end":{"line":66,"column":65}},{"start":{"line":66,"column":65},"end":{"line":66,"column":null}}]},"3":{"loc":{"start":{"line":83,"column":19},"end":{"line":83,"column":null}},"type":"binary-expr","locations":[{"start":{"line":83,"column":19},"end":{"line":83,"column":66}},{"start":{"line":83,"column":66},"end":{"line":83,"column":null}}]},"4":{"loc":{"start":{"line":95,"column":10},"end":{"line":95,"column":null}},"type":"if","locations":[{"start":{"line":95,"column":10},"end":{"line":95,"column":null}},{"start":{},"end":{}}]},"5":{"loc":{"start":{"line":105,"column":10},"end":{"line":108,"column":null}},"type":"if","locations":[{"start":{"line":105,"column":10},"end":{"line":108,"column":null}},{"start":{},"end":{}}]},"6":{"loc":{"start":{"line":111,"column":10},"end":{"line":111,"column":null}},"type":"if","locations":[{"start":{"line":111,"column":10},"end":{"line":111,"column":null}},{"start":{},"end":{}}]},"7":{"loc":{"start":{"line":126,"column":6},"end":{"line":126,"column":null}},"type":"if","locations":[{"start":{"line":126,"column":6},"end":{"line":126,"column":null}},{"start":{},"end":{}}]},"8":{"loc":{"start":{"line":129,"column":6},"end":{"line":138,"column":null}},"type":"if","locations":[{"start":{"line":129,"column":6},"end":{"line":138,"column":null}},{"start":{"line":131,"column":13},"end":{"line":138,"column":null}}]},"9":{"loc":{"start":{"line":136,"column":10},"end":{"line":136,"column":null}},"type":"cond-expr","locations":[{"start":{"line":136,"column":41},"end":{"line":136,"column":66}},{"start":{"line":136,"column":66},"end":{"line":136,"column":null}}]},"10":{"loc":{"start":{"line":169,"column":16},"end":{"line":169,"column":null}},"type":"binary-expr","locations":[{"start":{"line":169,"column":16},"end":{"line":169,"column":35}},{"start":{"line":169,"column":35},"end":{"line":169,"column":null}}]},"11":{"loc":{"start":{"line":189,"column":4},"end":{"line":193,"column":null}},"type":"if","locations":[{"start":{"line":189,"column":4},"end":{"line":193,"column":null}},{"start":{},"end":{}}]}},"s":{"0":3,"1":41,"2":41,"3":41,"4":34,"5":41,"6":41,"7":41,"8":41,"9":41,"10":41,"11":4,"12":4,"13":4,"14":4,"15":5,"16":4,"17":4,"18":4,"19":2,"20":0,"21":2,"22":2,"23":2,"24":4,"25":2,"26":2,"27":0,"28":0,"29":2,"30":0,"31":2,"32":1,"33":1,"34":3,"35":0,"36":3,"37":3,"38":0,"39":0,"40":3,"41":4,"42":4,"43":4,"44":41,"45":41,"46":41,"47":3,"48":3,"49":1,"50":1,"51":1,"52":1,"53":0,"54":0,"55":0,"56":0,"57":0,"58":0,"59":0,"60":0,"61":1},"f":{"0":41,"1":34,"2":41,"3":4,"4":5,"5":2,"6":4,"7":2,"8":1,"9":0,"10":0,"11":0},"b":{"0":[1,40],"1":[41,40],"2":[41,41],"3":[4,3],"4":[0,2],"5":[0,2],"6":[0,2],"7":[0,3],"8":[3,0],"9":[0,0],"10":[1,1],"11":[0,0]}}
,"/Users/julius/dev/ping/ut-oss/packages/react/src/components/button.tsx": {"path":"/Users/julius/dev/ping/ut-oss/packages/react/src/components/button.tsx","statementMap":{"0":{"start":{"line":96,"column":17},"end":{"line":96,"column":null}},"1":{"start":{"line":103,"column":6},"end":{"line":103,"column":null}},"2":{"start":{"line":104,"column":16},"end":{"line":104,"column":null}},"3":{"start":{"line":106,"column":23},"end":{"line":106,"column":null}},"4":{"start":{"line":107,"column":46},"end":{"line":109,"column":null}},"5":{"start":{"line":110,"column":28},"end":{"line":110,"column":null}},"6":{"start":{"line":112,"column":52},"end":{"line":136,"column":null}},"7":{"start":{"line":120,"column":8},"end":{"line":122,"column":null}},"8":{"start":{"line":121,"column":10},"end":{"line":121,"column":null}},"9":{"start":{"line":123,"column":8},"end":{"line":123,"column":null}},"10":{"start":{"line":124,"column":8},"end":{"line":124,"column":null}},"11":{"start":{"line":125,"column":8},"end":{"line":125,"column":null}},"12":{"start":{"line":129,"column":8},"end":{"line":129,"column":null}},"13":{"start":{"line":130,"column":8},"end":{"line":130,"column":null}},"14":{"start":{"line":137,"column":34},"end":{"line":137,"column":null}},"15":{"start":{"line":139,"column":19},"end":{"line":139,"column":null}},"16":{"start":{"line":140,"column":8},"end":{"line":148,"column":null}},"17":{"start":{"line":141,"column":18},"end":{"line":141,"column":null}},"18":{"start":{"line":143,"column":4},"end":{"line":143,"column":null}},"19":{"start":{"line":143,"column":33},"end":{"line":143,"column":null}},"20":{"start":{"line":144,"column":4},"end":{"line":144,"column":null}},"21":{"start":{"line":144,"column":18},"end":{"line":144,"column":null}},"22":{"start":{"line":145,"column":4},"end":{"line":145,"column":null}},"23":{"start":{"line":145,"column":16},"end":{"line":145,"column":null}},"24":{"start":{"line":146,"column":4},"end":{"line":146,"column":null}},"25":{"start":{"line":146,"column":22},"end":{"line":146,"column":null}},"26":{"start":{"line":147,"column":4},"end":{"line":147,"column":null}},"27":{"start":{"line":150,"column":22},"end":{"line":162,"column":null}},"28":{"start":{"line":152,"column":20},"end":{"line":152,"column":null}},"29":{"start":{"line":153,"column":6},"end":{"line":159,"column":null}},"30":{"start":{"line":154,"column":8},"end":{"line":158,"column":null}},"31":{"start":{"line":155,"column":10},"end":{"line":155,"column":null}},"32":{"start":{"line":157,"column":10},"end":{"line":157,"column":null}},"33":{"start":{"line":164,"column":24},"end":{"line":179,"column":null}},"34":{"start":{"line":165,"column":4},"end":{"line":172,"column":null}},"35":{"start":{"line":166,"column":6},"end":{"line":166,"column":null}},"36":{"start":{"line":167,"column":6},"end":{"line":167,"column":null}},"37":{"start":{"line":169,"column":6},"end":{"line":169,"column":null}},"38":{"start":{"line":170,"column":6},"end":{"line":170,"column":null}},"39":{"start":{"line":171,"column":6},"end":{"line":171,"column":null}},"40":{"start":{"line":173,"column":4},"end":{"line":178,"column":null}},"41":{"start":{"line":174,"column":6},"end":{"line":174,"column":null}},"42":{"start":{"line":175,"column":6},"end":{"line":175,"column":null}},"43":{"start":{"line":177,"column":6},"end":{"line":177,"column":null}},"44":{"start":{"line":181,"column":21},"end":{"line":204,"column":null}},"45":{"start":{"line":182,"column":11},"end":{"line":202,"column":null}},"46":{"start":{"line":188,"column":8},"end":{"line":188,"column":null}},"47":{"start":{"line":188,"column":29},"end":{"line":188,"column":null}},"48":{"start":{"line":189,"column":30},"end":{"line":189,"column":null}},"49":{"start":{"line":191,"column":8},"end":{"line":191,"column":null}},"50":{"start":{"line":193,"column":8},"end":{"line":196,"column":null}},"51":{"start":{"line":194,"column":10},"end":{"line":194,"column":null}},"52":{"start":{"line":195,"column":10},"end":{"line":195,"column":null}},"53":{"start":{"line":198,"column":8},"end":{"line":198,"column":null}},"54":{"start":{"line":206,"column":2},"end":{"line":223,"column":null}},"55":{"start":{"line":207,"column":4},"end":{"line":207,"column":null}},"56":{"start":{"line":207,"column":24},"end":{"line":207,"column":null}},"57":{"start":{"line":208,"column":4},"end":{"line":208,"column":null}},"58":{"start":{"line":208,"column":57},"end":{"line":208,"column":null}},"59":{"start":{"line":210,"column":24},"end":{"line":210,"column":null}},"60":{"start":{"line":211,"column":4},"end":{"line":211,"column":null}},"61":{"start":{"line":211,"column":22},"end":{"line":211,"column":null}},"62":{"start":{"line":213,"column":24},"end":{"line":213,"column":null}},"63":{"start":{"line":214,"column":4},"end":{"line":220,"column":null}},"64":{"start":{"line":215,"column":6},"end":{"line":215,"column":null}},"65":{"start":{"line":217,"column":6},"end":{"line":217,"column":null}},"66":{"start":{"line":219,"column":6},"end":{"line":219,"column":null}},"67":{"start":{"line":222,"column":4},"end":{"line":222,"column":null}},"68":{"start":{"line":222,"column":25},"end":{"line":222,"column":null}},"69":{"start":{"line":225,"column":24},"end":{"line":235,"column":null}},"70":{"start":{"line":227,"column":7},"end":{"line":233,"column":null}},"71":{"start":{"line":237,"column":23},"end":{"line":268,"column":null}},"72":{"start":{"line":238,"column":26},"end":{"line":241,"column":null}},"73":{"start":{"line":242,"column":4},"end":{"line":242,"column":null}},"74":{"start":{"line":242,"column":23},"end":{"line":242,"column":null}},"75":{"start":{"line":244,"column":4},"end":{"line":267,"column":null}},"76":{"start":{"line":246,"column":8},"end":{"line":246,"column":null}},"77":{"start":{"line":249,"column":8},"end":{"line":249,"column":null}},"78":{"start":{"line":249,"column":35},"end":{"line":249,"column":null}},"79":{"start":{"line":250,"column":8},"end":{"line":256,"column":null}},"80":{"start":{"line":262,"column":8},"end":{"line":264,"column":null}},"81":{"start":{"line":263,"column":10},"end":{"line":263,"column":null}},"82":{"start":{"line":265,"column":8},"end":{"line":265,"column":null}},"83":{"start":{"line":270,"column":28},"end":{"line":291,"column":null}},"84":{"start":{"line":271,"column":4},"end":{"line":291,"column":null}},"85":{"start":{"line":273,"column":8},"end":{"line":273,"column":null}},"86":{"start":{"line":275,"column":8},"end":{"line":277,"column":null}},"87":{"start":{"line":276,"column":10},"end":{"line":276,"column":null}},"88":{"start":{"line":279,"column":8},"end":{"line":279,"column":null}},"89":{"start":{"line":294,"column":31},"end":{"line":309,"column":null}},"90":{"start":{"line":295,"column":4},"end":{"line":309,"column":null}},"91":{"start":{"line":312,"column":2},"end":{"line":347,"column":null}}},"fnMap":{"0":{"name":"UploadButton","decl":{"start":{"line":86,"column":16},"end":{"line":86,"column":null}},"loc":{"start":{"line":93,"column":2},"end":{"line":349,"column":null}}},"1":{"name":"(anonymous_1)","decl":{"start":{"line":119,"column":30},"end":{"line":119,"column":31}},"loc":{"start":{"line":119,"column":39},"end":{"line":126,"column":null}}},"2":{"name":"(anonymous_2)","decl":{"start":{"line":128,"column":24},"end":{"line":128,"column":25}},"loc":{"start":{"line":128,"column":31},"end":{"line":131,"column":null}}},"3":{"name":"(anonymous_3)","decl":{"start":{"line":140,"column":17},"end":{"line":140,"column":23}},"loc":{"start":{"line":140,"column":23},"end":{"line":148,"column":5}}},"4":{"name":"(anonymous_4)","decl":{"start":{"line":151,"column":4},"end":{"line":151,"column":5}},"loc":{"start":{"line":151,"column":23},"end":{"line":160,"column":null}}},"5":{"name":"(anonymous_5)","decl":{"start":{"line":153,"column":38},"end":{"line":153,"column":39}},"loc":{"start":{"line":153,"column":45},"end":{"line":159,"column":7}}},"6":{"name":"(anonymous_6)","decl":{"start":{"line":164,"column":24},"end":{"line":164,"column":25}},"loc":{"start":{"line":164,"column":49},"end":{"line":179,"column":null}}},"7":{"name":"(anonymous_7)","decl":{"start":{"line":182,"column":4},"end":{"line":182,"column":11}},"loc":{"start":{"line":182,"column":11},"end":{"line":202,"column":null}}},"8":{"name":"(anonymous_8)","decl":{"start":{"line":187,"column":16},"end":{"line":187,"column":17}},"loc":{"start":{"line":187,"column":60},"end":{"line":199,"column":null}}},"9":{"name":"(anonymous_9)","decl":{"start":{"line":206,"column":11},"end":{"line":206,"column":12}},"loc":{"start":{"line":206,"column":22},"end":{"line":223,"column":3}}},"10":{"name":"(anonymous_10)","decl":{"start":{"line":214,"column":13},"end":{"line":214,"column":14}},"loc":{"start":{"line":214,"column":23},"end":{"line":220,"column":5}}},"11":{"name":"(anonymous_11)","decl":{"start":{"line":226,"column":4},"end":{"line":226,"column":null}},"loc":{"start":{"line":227,"column":7},"end":{"line":233,"column":null}}},"12":{"name":"(anonymous_12)","decl":{"start":{"line":237,"column":23},"end":{"line":237,"column":29}},"loc":{"start":{"line":237,"column":29},"end":{"line":268,"column":null}}},"13":{"name":"(anonymous_13)","decl":{"start":{"line":270,"column":28},"end":{"line":270,"column":null}},"loc":{"start":{"line":271,"column":4},"end":{"line":291,"column":null}}},"14":{"name":"(anonymous_14)","decl":{"start":{"line":272,"column":15},"end":{"line":272,"column":21}},"loc":{"start":{"line":272,"column":21},"end":{"line":280,"column":null}}},"15":{"name":"(anonymous_15)","decl":{"start":{"line":294,"column":31},"end":{"line":294,"column":null}},"loc":{"start":{"line":295,"column":4},"end":{"line":309,"column":null}}}},"branchMap":{"0":{"loc":{"start":{"line":100,"column":4},"end":{"line":100,"column":null}},"type":"default-arg","locations":[{"start":{"line":100,"column":11},"end":{"line":100,"column":null}}]},"1":{"loc":{"start":{"line":101,"column":4},"end":{"line":101,"column":null}},"type":"default-arg","locations":[{"start":{"line":101,"column":20},"end":{"line":101,"column":null}}]},"2":{"loc":{"start":{"line":102,"column":4},"end":{"line":102,"column":null}},"type":"default-arg","locations":[{"start":{"line":102,"column":9},"end":{"line":102,"column":null}}]},"3":{"loc":{"start":{"line":103,"column":6},"end":{"line":103,"column":null}},"type":"binary-expr","locations":[{"start":{"line":103,"column":6},"end":{"line":103,"column":23}},{"start":{"line":103,"column":23},"end":{"line":103,"column":null}}]},"4":{"loc":{"start":{"line":108,"column":4},"end":{"line":108,"column":null}},"type":"binary-expr","locations":[{"start":{"line":108,"column":4},"end":{"line":108,"column":41}},{"start":{"line":108,"column":41},"end":{"line":108,"column":null}}]},"5":{"loc":{"start":{"line":115,"column":4},"end":{"line":115,"column":null}},"type":"binary-expr","locations":[{"start":{"line":115,"column":4},"end":{"line":115,"column":20}},{"start":{"line":115,"column":20},"end":{"line":115,"column":null}}]},"6":{"loc":{"start":{"line":120,"column":8},"end":{"line":122,"column":null}},"type":"if","locations":[{"start":{"line":120,"column":8},"end":{"line":122,"column":null}},{"start":{},"end":{}}]},"7":{"loc":{"start":{"line":139,"column":22},"end":{"line":139,"column":null}},"type":"binary-expr","locations":[{"start":{"line":139,"column":22},"end":{"line":139,"column":59}},{"start":{"line":139,"column":59},"end":{"line":139,"column":null}}]},"8":{"loc":{"start":{"line":141,"column":18},"end":{"line":141,"column":null}},"type":"binary-expr","locations":[{"start":{"line":141,"column":18},"end":{"line":141,"column":57}},{"start":{"line":141,"column":57},"end":{"line":141,"column":null}}]},"9":{"loc":{"start":{"line":143,"column":4},"end":{"line":143,"column":null}},"type":"if","locations":[{"start":{"line":143,"column":4},"end":{"line":143,"column":null}},{"start":{},"end":{}}]},"10":{"loc":{"start":{"line":144,"column":4},"end":{"line":144,"column":null}},"type":"if","locations":[{"start":{"line":144,"column":4},"end":{"line":144,"column":null}},{"start":{},"end":{}}]},"11":{"loc":{"start":{"line":145,"column":4},"end":{"line":145,"column":null}},"type":"if","locations":[{"start":{"line":145,"column":4},"end":{"line":145,"column":null}},{"start":{},"end":{}}]},"12":{"loc":{"start":{"line":146,"column":4},"end":{"line":146,"column":null}},"type":"if","locations":[{"start":{"line":146,"column":4},"end":{"line":146,"column":null}},{"start":{},"end":{}}]},"13":{"loc":{"start":{"line":152,"column":20},"end":{"line":152,"column":null}},"type":"cond-expr","locations":[{"start":{"line":152,"column":40},"end":{"line":152,"column":55}},{"start":{"line":152,"column":55},"end":{"line":152,"column":null}}]},"14":{"loc":{"start":{"line":154,"column":8},"end":{"line":158,"column":null}},"type":"if","locations":[{"start":{"line":154,"column":8},"end":{"line":158,"column":null}},{"start":{"line":156,"column":15},"end":{"line":158,"column":null}}]},"15":{"loc":{"start":{"line":165,"column":4},"end":{"line":172,"column":null}},"type":"if","locations":[{"start":{"line":165,"column":4},"end":{"line":172,"column":null}},{"start":{},"end":{}}]},"16":{"loc":{"start":{"line":173,"column":4},"end":{"line":178,"column":null}},"type":"if","locations":[{"start":{"line":173,"column":4},"end":{"line":178,"column":null}},{"start":{},"end":{}}]},"17":{"loc":{"start":{"line":173,"column":8},"end":{"line":173,"column":47}},"type":"binary-expr","locations":[{"start":{"line":173,"column":8},"end":{"line":173,"column":29}},{"start":{"line":173,"column":29},"end":{"line":173,"column":47}}]},"18":{"loc":{"start":{"line":188,"column":8},"end":{"line":188,"column":null}},"type":"if","locations":[{"start":{"line":188,"column":8},"end":{"line":188,"column":null}},{"start":{},"end":{}}]},"19":{"loc":{"start":{"line":193,"column":8},"end":{"line":196,"column":null}},"type":"if","locations":[{"start":{"line":193,"column":8},"end":{"line":196,"column":null}},{"start":{},"end":{}}]},"20":{"loc":{"start":{"line":201,"column":16},"end":{"line":201,"column":null}},"type":"cond-expr","locations":[{"start":{"line":201,"column":27},"end":{"line":201,"column":32}},{"start":{"line":201,"column":32},"end":{"line":201,"column":null}}]},"21":{"loc":{"start":{"line":207,"column":4},"end":{"line":207,"column":null}},"type":"if","locations":[{"start":{"line":207,"column":4},"end":{"line":207,"column":null}},{"start":{},"end":{}}]},"22":{"loc":{"start":{"line":208,"column":4},"end":{"line":208,"column":null}},"type":"if","locations":[{"start":{"line":208,"column":4},"end":{"line":208,"column":null}},{"start":{},"end":{}}]},"23":{"loc":{"start":{"line":211,"column":4},"end":{"line":211,"column":null}},"type":"if","locations":[{"start":{"line":211,"column":4},"end":{"line":211,"column":null}},{"start":{},"end":{}}]},"24":{"loc":{"start":{"line":222,"column":4},"end":{"line":222,"column":null}},"type":"if","locations":[{"start":{"line":222,"column":4},"end":{"line":222,"column":null}},{"start":{},"end":{}}]},"25":{"loc":{"start":{"line":242,"column":4},"end":{"line":242,"column":null}},"type":"if","locations":[{"start":{"line":242,"column":4},"end":{"line":242,"column":null}},{"start":{},"end":{}}]},"26":{"loc":{"start":{"line":244,"column":4},"end":{"line":267,"column":null}},"type":"switch","locations":[{"start":{"line":245,"column":6},"end":{"line":247,"column":null}},{"start":{"line":248,"column":6},"end":{"line":258,"column":null}},{"start":{"line":259,"column":6},"end":{"line":259,"column":null}},{"start":{"line":260,"column":6},"end":{"line":260,"column":null}},{"start":{"line":261,"column":6},"end":{"line":266,"column":null}}]},"27":{"loc":{"start":{"line":249,"column":8},"end":{"line":249,"column":null}},"type":"if","locations":[{"start":{"line":249,"column":8},"end":{"line":249,"column":null}},{"start":{},"end":{}}]},"28":{"loc":{"start":{"line":262,"column":8},"end":{"line":264,"column":null}},"type":"if","locations":[{"start":{"line":262,"column":8},"end":{"line":264,"column":null}},{"start":{},"end":{}}]},"29":{"loc":{"start":{"line":262,"column":12},"end":{"line":262,"column":51}},"type":"binary-expr","locations":[{"start":{"line":262,"column":12},"end":{"line":262,"column":33}},{"start":{"line":262,"column":33},"end":{"line":262,"column":51}}]},"30":{"loc":{"start":{"line":263,"column":47},"end":{"line":263,"column":76}},"type":"cond-expr","locations":[{"start":{"line":263,"column":68},"end":{"line":263,"column":73}},{"start":{"line":263,"column":73},"end":{"line":263,"column":76}}]},"31":{"loc":{"start":{"line":265,"column":29},"end":{"line":265,"column":61}},"type":"cond-expr","locations":[{"start":{"line":265,"column":51},"end":{"line":265,"column":59}},{"start":{"line":265,"column":59},"end":{"line":265,"column":61}}]},"32":{"loc":{"start":{"line":275,"column":8},"end":{"line":277,"column":null}},"type":"if","locations":[{"start":{"line":275,"column":8},"end":{"line":277,"column":null}},{"start":{},"end":{}}]},"33":{"loc":{"start":{"line":289,"column":7},"end":{"line":290,"column":null}},"type":"binary-expr","locations":[{"start":{"line":289,"column":7},"end":{"line":289,"column":null}},{"start":{"line":290,"column":8},"end":{"line":290,"column":null}}]},"34":{"loc":{"start":{"line":307,"column":7},"end":{"line":308,"column":null}},"type":"binary-expr","locations":[{"start":{"line":307,"column":7},"end":{"line":307,"column":null}},{"start":{"line":308,"column":8},"end":{"line":308,"column":null}}]},"35":{"loc":{"start":{"line":344,"column":7},"end":{"line":346,"column":null}},"type":"cond-expr","locations":[{"start":{"line":345,"column":10},"end":{"line":345,"column":null}},{"start":{"line":346,"column":10},"end":{"line":346,"column":null}}]},"36":{"loc":{"start":{"line":344,"column":7},"end":{"line":344,"column":null}},"type":"binary-expr","locations":[{"start":{"line":344,"column":7},"end":{"line":344,"column":28}},{"start":{"line":344,"column":28},"end":{"line":344,"column":null}}]}},"s":{"0":35,"1":35,"2":35,"3":35,"4":35,"5":35,"6":35,"7":1,"8":1,"9":1,"10":1,"11":1,"12":4,"13":4,"14":35,"15":35,"16":35,"17":35,"18":35,"19":0,"20":35,"21":0,"22":35,"23":18,"24":17,"25":13,"26":4,"27":35,"28":4,"29":4,"30":0,"31":0,"32":0,"33":35,"34":1,"35":0,"36":0,"37":0,"38":0,"39":0,"40":1,"41":1,"42":1,"43":1,"44":35,"45":35,"46":4,"47":0,"48":4,"49":4,"50":4,"51":1,"52":1,"53":3,"54":35,"55":0,"56":0,"57":0,"58":0,"59":0,"60":0,"61":0,"62":0,"63":0,"64":0,"65":0,"66":0,"67":0,"68":0,"69":35,"70":35,"71":35,"72":35,"73":35,"74":0,"75":35,"76":18,"77":4,"78":0,"79":4,"80":13,"81":1,"82":12,"83":35,"84":2,"85":0,"86":0,"87":0,"88":0,"89":35,"90":33,"91":35},"f":{"0":35,"1":1,"2":4,"3":35,"4":4,"5":0,"6":1,"7":35,"8":4,"9":0,"10":0,"11":35,"12":35,"13":2,"14":0,"15":33},"b":{"0":[30],"1":[35],"2":[35],"3":[35,30],"4":[35,35],"5":[35,0],"6":[1,0],"7":[35,35],"8":[35,35],"9":[0,35],"10":[0,35],"11":[18,17],"12":[13,4],"13":[0,4],"14":[0,0],"15":[0,1],"16":[1,0],"17":[1,1],"18":[0,4],"19":[1,3],"20":[0,35],"21":[0,0],"22":[0,0],"23":[0,0],"24":[0,0],"25":[0,35],"26":[18,4,0,13,13],"27":[0,4],"28":[1,12],"29":[13,2],"30":[1,0],"31":[3,9],"32":[0,0],"33":[2,2],"34":[33,31],"35":[2,33],"36":[35,5]}}
,"/Users/julius/dev/ping/ut-oss/packages/react/src/components/dropzone.tsx": {"path":"/Users/julius/dev/ping/ut-oss/packages/react/src/components/dropzone.tsx","statementMap":{"0":{"start":{"line":132,"column":17},"end":{"line":132,"column":null}},"1":{"start":{"line":139,"column":6},"end":{"line":139,"column":null}},"2":{"start":{"line":140,"column":16},"end":{"line":140,"column":null}},"3":{"start":{"line":142,"column":28},"end":{"line":142,"column":null}},"4":{"start":{"line":143,"column":46},"end":{"line":145,"column":null}},"5":{"start":{"line":147,"column":52},"end":{"line":168,"column":null}},"6":{"start":{"line":155,"column":8},"end":{"line":155,"column":null}},"7":{"start":{"line":156,"column":8},"end":{"line":156,"column":null}},"8":{"start":{"line":157,"column":8},"end":{"line":157,"column":null}},"9":{"start":{"line":161,"column":8},"end":{"line":161,"column":null}},"10":{"start":{"line":162,"column":8},"end":{"line":162,"column":null}},"11":{"start":{"line":169,"column":34},"end":{"line":169,"column":null}},"12":{"start":{"line":171,"column":19},"end":{"line":171,"column":null}},"13":{"start":{"line":172,"column":8},"end":{"line":182,"column":null}},"14":{"start":{"line":174,"column":6},"end":{"line":175,"column":null}},"15":{"start":{"line":177,"column":4},"end":{"line":177,"column":null}},"16":{"start":{"line":177,"column":33},"end":{"line":177,"column":null}},"17":{"start":{"line":178,"column":4},"end":{"line":178,"column":null}},"18":{"start":{"line":178,"column":18},"end":{"line":178,"column":null}},"19":{"start":{"line":179,"column":4},"end":{"line":179,"column":null}},"20":{"start":{"line":179,"column":16},"end":{"line":179,"column":null}},"21":{"start":{"line":180,"column":4},"end":{"line":180,"column":null}},"22":{"start":{"line":180,"column":22},"end":{"line":180,"column":null}},"23":{"start":{"line":181,"column":4},"end":{"line":181,"column":null}},"24":{"start":{"line":184,"column":22},"end":{"line":196,"column":null}},"25":{"start":{"line":186,"column":20},"end":{"line":186,"column":null}},"26":{"start":{"line":187,"column":6},"end":{"line":193,"column":null}},"27":{"start":{"line":188,"column":8},"end":{"line":192,"column":null}},"28":{"start":{"line":189,"column":10},"end":{"line":189,"column":null}},"29":{"start":{"line":191,"column":10},"end":{"line":191,"column":null}},"30":{"start":{"line":198,"column":24},"end":{"line":213,"column":null}},"31":{"start":{"line":199,"column":4},"end":{"line":206,"column":null}},"32":{"start":{"line":200,"column":6},"end":{"line":200,"column":null}},"33":{"start":{"line":201,"column":6},"end":{"line":201,"column":null}},"34":{"start":{"line":203,"column":6},"end":{"line":203,"column":null}},"35":{"start":{"line":204,"column":6},"end":{"line":204,"column":null}},"36":{"start":{"line":205,"column":6},"end":{"line":205,"column":null}},"37":{"start":{"line":207,"column":4},"end":{"line":212,"column":null}},"38":{"start":{"line":208,"column":6},"end":{"line":208,"column":null}},"39":{"start":{"line":209,"column":6},"end":{"line":209,"column":null}},"40":{"start":{"line":211,"column":6},"end":{"line":211,"column":null}},"41":{"start":{"line":215,"column":17},"end":{"line":226,"column":null}},"42":{"start":{"line":217,"column":6},"end":{"line":217,"column":null}},"43":{"start":{"line":218,"column":6},"end":{"line":218,"column":null}},"44":{"start":{"line":220,"column":6},"end":{"line":220,"column":null}},"45":{"start":{"line":223,"column":6},"end":{"line":223,"column":null}},"46":{"start":{"line":223,"column":27},"end":{"line":223,"column":null}},"47":{"start":{"line":228,"column":65},"end":{"line":233,"column":null}},"48":{"start":{"line":235,"column":2},"end":{"line":254,"column":null}},"49":{"start":{"line":236,"column":4},"end":{"line":236,"column":null}},"50":{"start":{"line":236,"column":24},"end":{"line":236,"column":null}},"51":{"start":{"line":237,"column":4},"end":{"line":237,"column":null}},"52":{"start":{"line":237,"column":52},"end":{"line":237,"column":null}},"53":{"start":{"line":239,"column":24},"end":{"line":239,"column":null}},"54":{"start":{"line":240,"column":4},"end":{"line":240,"column":null}},"55":{"start":{"line":240,"column":30},"end":{"line":240,"column":null}},"56":{"start":{"line":242,"column":24},"end":{"line":242,"column":null}},"57":{"start":{"line":243,"column":4},"end":{"line":249,"column":null}},"58":{"start":{"line":244,"column":6},"end":{"line":244,"column":null}},"59":{"start":{"line":246,"column":6},"end":{"line":246,"column":null}},"60":{"start":{"line":248,"column":6},"end":{"line":248,"column":null}},"61":{"start":{"line":251,"column":4},"end":{"line":251,"column":null}},"62":{"start":{"line":253,"column":4},"end":{"line":253,"column":null}},"63":{"start":{"line":253,"column":25},"end":{"line":253,"column":null}},"64":{"start":{"line":256,"column":24},"end":{"line":267,"column":null}},"65":{"start":{"line":258,"column":7},"end":{"line":265,"column":null}},"66":{"start":{"line":269,"column":34},"end":{"line":300,"column":null}},"67":{"start":{"line":270,"column":26},"end":{"line":273,"column":null}},"68":{"start":{"line":274,"column":4},"end":{"line":274,"column":null}},"69":{"start":{"line":274,"column":23},"end":{"line":274,"column":null}},"70":{"start":{"line":276,"column":4},"end":{"line":299,"column":null}},"71":{"start":{"line":278,"column":8},"end":{"line":278,"column":null}},"72":{"start":{"line":281,"column":8},"end":{"line":281,"column":null}},"73":{"start":{"line":281,"column":35},"end":{"line":281,"column":null}},"74":{"start":{"line":282,"column":8},"end":{"line":288,"column":null}},"75":{"start":{"line":294,"column":8},"end":{"line":296,"column":null}},"76":{"start":{"line":295,"column":10},"end":{"line":295,"column":null}},"77":{"start":{"line":297,"column":8},"end":{"line":297,"column":null}},"78":{"start":{"line":302,"column":2},"end":{"line":396,"column":null}},"79":{"start":{"line":436,"column":21},"end":{"line":436,"column":null}},"80":{"start":{"line":436,"column":35},"end":{"line":436,"column":67}},"81":{"start":{"line":438,"column":18},"end":{"line":438,"column":null}},"82":{"start":{"line":439,"column":19},"end":{"line":439,"column":null}},"83":{"start":{"line":440,"column":25},"end":{"line":440,"column":null}},"84":{"start":{"line":442,"column":28},"end":{"line":442,"column":null}},"85":{"start":{"line":444,"column":2},"end":{"line":468,"column":null}},"86":{"start":{"line":446,"column":26},"end":{"line":459,"column":null}},"87":{"start":{"line":448,"column":6},"end":{"line":458,"column":null}},"88":{"start":{"line":449,"column":8},"end":{"line":457,"column":null}},"89":{"start":{"line":450,"column":10},"end":{"line":456,"column":null}},"90":{"start":{"line":451,"column":30},"end":{"line":451,"column":null}},"91":{"start":{"line":453,"column":12},"end":{"line":455,"column":null}},"92":{"start":{"line":454,"column":14},"end":{"line":454,"column":null}},"93":{"start":{"line":461,"column":23},"end":{"line":461,"column":null}},"94":{"start":{"line":462,"column":4},"end":{"line":464,"column":null}},"95":{"start":{"line":465,"column":4},"end":{"line":467,"column":null}},"96":{"start":{"line":466,"column":6},"end":{"line":466,"column":null}},"97":{"start":{"line":470,"column":2},"end":{"line":494,"column":null}},"98":{"start":{"line":471,"column":27},"end":{"line":477,"column":null}},"99":{"start":{"line":473,"column":6},"end":{"line":473,"column":null}},"100":{"start":{"line":473,"column":59},"end":{"line":473,"column":null}},"101":{"start":{"line":475,"column":6},"end":{"line":475,"column":null}},"102":{"start":{"line":476,"column":6},"end":{"line":476,"column":null}},"103":{"start":{"line":478,"column":31},"end":{"line":479,"column":null}},"104":{"start":{"line":479,"column":6},"end":{"line":479,"column":null}},"105":{"start":{"line":480,"column":23},"end":{"line":480,"column":null}},"106":{"start":{"line":482,"column":4},"end":{"line":485,"column":null}},"107":{"start":{"line":486,"column":4},"end":{"line":489,"column":null}},"108":{"start":{"line":491,"column":4},"end":{"line":493,"column":null}},"109":{"start":{"line":492,"column":6},"end":{"line":492,"column":null}},"110":{"start":{"line":496,"column":22},"end":{"line":534,"column":null}},"111":{"start":{"line":498,"column":6},"end":{"line":498,"column":null}},"112":{"start":{"line":499,"column":6},"end":{"line":499,"column":null}},"113":{"start":{"line":501,"column":6},"end":{"line":501,"column":null}},"114":{"start":{"line":503,"column":6},"end":{"line":531,"column":null}},"115":{"start":{"line":504,"column":8},"end":{"line":530,"column":null}},"116":{"start":{"line":506,"column":12},"end":{"line":506,"column":null}},"117":{"start":{"line":506,"column":46},"end":{"line":506,"column":null}},"118":{"start":{"line":508,"column":30},"end":{"line":508,"column":null}},"119":{"start":{"line":510,"column":14},"end":{"line":518,"column":null}},"120":{"start":{"line":519,"column":33},"end":{"line":519,"column":null}},"121":{"start":{"line":521,"column":12},"end":{"line":528,"column":null}},"122":{"start":{"line":536,"column":21},"end":{"line":550,"column":null}},"123":{"start":{"line":537,"column":4},"end":{"line":537,"column":null}},"124":{"start":{"line":538,"column":4},"end":{"line":538,"column":null}},"125":{"start":{"line":540,"column":21},"end":{"line":540,"column":null}},"126":{"start":{"line":541,"column":4},"end":{"line":547,"column":null}},"127":{"start":{"line":542,"column":6},"end":{"line":546,"column":null}},"128":{"start":{"line":543,"column":8},"end":{"line":543,"column":null}},"129":{"start":{"line":545,"column":8},"end":{"line":545,"column":null}},"130":{"start":{"line":549,"column":4},"end":{"line":549,"column":null}},"131":{"start":{"line":552,"column":22},"end":{"line":576,"column":null}},"132":{"start":{"line":553,"column":4},"end":{"line":553,"column":null}},"133":{"start":{"line":554,"column":4},"end":{"line":554,"column":null}},"134":{"start":{"line":557,"column":20},"end":{"line":559,"column":null}},"135":{"start":{"line":558,"column":6},"end":{"line":558,"column":null}},"136":{"start":{"line":563,"column":22},"end":{"line":563,"column":null}},"137":{"start":{"line":564,"column":4},"end":{"line":564,"column":null}},"138":{"start":{"line":564,"column":26},"end":{"line":564,"column":null}},"139":{"start":{"line":565,"column":4},"end":{"line":565,"column":null}},"140":{"start":{"line":566,"column":4},"end":{"line":566,"column":null}},"141":{"start":{"line":566,"column":28},"end":{"line":566,"column":null}},"142":{"start":{"line":568,"column":4},"end":{"line":575,"column":null}},"143":{"start":{"line":578,"column":19},"end":{"line":605,"column":null}},"144":{"start":{"line":580,"column":36},"end":{"line":580,"column":null}},"145":{"start":{"line":582,"column":6},"end":{"line":589,"column":null}},"146":{"start":{"line":583,"column":25},"end":{"line":583,"column":null}},"147":{"start":{"line":584,"column":26},"end":{"line":584,"column":null}},"148":{"start":{"line":586,"column":8},"end":{"line":588,"column":null}},"149":{"start":{"line":587,"column":10},"end":{"line":587,"column":null}},"150":{"start":{"line":591,"column":6},"end":
[...]
:506,"column":12},"end":{"line":506,"column":null}},{"start":{},"end":{}}]},"48":{"loc":{"start":{"line":510,"column":14},"end":{"line":518,"column":null}},"type":"binary-expr","locations":[{"start":{"line":510,"column":14},"end":{"line":510,"column":null}},{"start":{"line":511,"column":14},"end":{"line":518,"column":null}}]},"49":{"loc":{"start":{"line":519,"column":33},"end":{"line":519,"column":null}},"type":"binary-expr","locations":[{"start":{"line":519,"column":33},"end":{"line":519,"column":50}},{"start":{"line":519,"column":50},"end":{"line":519,"column":null}}]},"50":{"loc":{"start":{"line":541,"column":4},"end":{"line":547,"column":null}},"type":"if","locations":[{"start":{"line":541,"column":4},"end":{"line":547,"column":null}},{"start":{},"end":{}}]},"51":{"loc":{"start":{"line":564,"column":4},"end":{"line":564,"column":null}},"type":"if","locations":[{"start":{"line":564,"column":4},"end":{"line":564,"column":null}},{"start":{},"end":{}}]},"52":{"loc":{"start":{"line":566,"column":4},"end":{"line":566,"column":null}},"type":"if","locations":[{"start":{"line":566,"column":4},"end":{"line":566,"column":null}},{"start":{},"end":{}}]},"53":{"loc":{"start":{"line":586,"column":8},"end":{"line":588,"column":null}},"type":"if","locations":[{"start":{"line":586,"column":8},"end":{"line":588,"column":null}},{"start":{},"end":{}}]},"54":{"loc":{"start":{"line":586,"column":12},"end":{"line":586,"column":35}},"type":"binary-expr","locations":[{"start":{"line":586,"column":12},"end":{"line":586,"column":24}},{"start":{"line":586,"column":24},"end":{"line":586,"column":35}}]},"55":{"loc":{"start":{"line":591,"column":6},"end":{"line":593,"column":null}},"type":"if","locations":[{"start":{"line":591,"column":6},"end":{"line":593,"column":null}},{"start":{},"end":{}}]},"56":{"loc":{"start":{"line":614,"column":6},"end":{"line":621,"column":null}},"type":"if","locations":[{"start":{"line":614,"column":6},"end":{"line":621,"column":null}},{"start":{},"end":{}}]},"57":{"loc":{"start":{"line":617,"column":12},"end":{"line":617,"column":null}},"type":"if","locations":[{"start":{"line":617,"column":12},"end":{"line":617,"column":null}},{"start":{},"end":{}}]},"58":{"loc":{"start":{"line":628,"column":4},"end":{"line":632,"column":null}},"type":"if","locations":[{"start":{"line":628,"column":4},"end":{"line":632,"column":null}},{"start":{},"end":{}}]},"59":{"loc":{"start":{"line":639,"column":6},"end":{"line":639,"column":null}},"type":"if","locations":[{"start":{"line":639,"column":6},"end":{"line":639,"column":null}},{"start":{},"end":{}}]},"60":{"loc":{"start":{"line":641,"column":6},"end":{"line":644,"column":null}},"type":"if","locations":[{"start":{"line":641,"column":6},"end":{"line":644,"column":null}},{"start":{},"end":{}}]},"61":{"loc":{"start":{"line":652,"column":6},"end":{"line":654,"column":null}},"type":"if","locations":[{"start":{"line":652,"column":6},"end":{"line":654,"column":null}},{"start":{},"end":{}}]},"62":{"loc":{"start":{"line":666,"column":4},"end":{"line":667,"column":null}},"type":"if","locations":[{"start":{"line":666,"column":4},"end":{"line":667,"column":null}},{"start":{"line":667,"column":9},"end":{"line":667,"column":null}}]},"63":{"loc":{"start":{"line":674,"column":10},"end":{"line":687,"column":null}},"type":"cond-expr","locations":[{"start":{"line":675,"column":10},"end":{"line":686,"column":null}},{"start":{"line":687,"column":10},"end":{"line":687,"column":null}}]},"64":{"loc":{"start":{"line":710,"column":10},"end":{"line":716,"column":null}},"type":"cond-expr","locations":[{"start":{"line":711,"column":10},"end":{"line":715,"column":null}},{"start":{"line":716,"column":10},"end":{"line":716,"column":null}}]}},"s":{"0":6,"1":6,"2":6,"3":6,"4":6,"5":6,"6":0,"7":0,"8":0,"9":0,"10":0,"11":6,"12":6,"13":6,"14":6,"15":6,"16":0,"17":6,"18":0,"19":6,"20":4,"21":2,"22":2,"23":0,"24":6,"25":0,"26":0,"27":0,"28":0,"29":0,"30":6,"31":0,"32":0,"33":0,"34":0,"35":0,"36":0,"37":0,"38":0,"39":0,"40":0,"41":6,"42":0,"43":0,"44":0,"45":0,"46":0,"47":6,"48":6,"49":0,"50":0,"51":0,"52":0,"53":0,"54":0,"55":0,"56":0,"57":0,"58":0,"59":0,"60":0,"61":0,"62":0,"63":0,"64":6,"65":6,"66":6,"67":6,"68":6,"69":0,"70":6,"71":4,"72":0,"73":0,"74":0,"75":2,"76":0,"77":2,"78":6,"79":6,"80":6,"81":6,"82":6,"83":6,"84":6,"85":6,"86":2,"87":0,"88":0,"89":0,"90":0,"91":0,"92":0,"93":2,"94":2,"95":2,"96":1,"97":6,"98":2,"99":0,"100":0,"101":0,"102":0,"103":2,"104":0,"105":2,"106":2,"107":2,"108":2,"109":1,"110":6,"111":0,"112":0,"113":0,"114":0,"115":0,"116":0,"117":0,"118":0,"119":0,"120":0,"121":0,"122":6,"123":0,"124":0,"125":0,"126":0,"127":0,"128":0,"129":0,"130":0,"131":6,"132":0,"133":0,"134":0,"135":0,"136":0,"137":0,"138":0,"139":0,"140":0,"141":0,"142":0,"143":6,"144":0,"145":0,"146":0,"147":0,"148":0,"149":0,"150":0,"151":0,"152":0,"153":0,"154":6,"155":0,"156":0,"157":0,"158":0,"159":0,"160":0,"161":0,"162":0,"163":0,"164":6,"165":0,"166":0,"167":0,"168":0,"169":6,"170":0,"171":0,"172":0,"173":0,"174":0,"175":6,"176":0,"177":0,"178":0,"179":6,"180":0,"181":6,"182":0,"183":6,"184":0,"185":0,"186":0,"187":6,"188":4,"189":6,"190":6,"191":4,"192":6,"193":6},"f":{"0":6,"1":0,"2":0,"3":6,"4":0,"5":0,"6":0,"7":0,"8":0,"9":0,"10":6,"11":6,"12":6,"13":6,"14":2,"15":0,"16":0,"17":1,"18":2,"19":0,"20":0,"21":1,"22":0,"23":0,"24":0,"25":0,"26":0,"27":0,"28":0,"29":0,"30":0,"31":0,"32":0,"33":0,"34":0,"35":0,"36":0,"37":4,"38":6,"39":4,"40":6},"b":{"0":[6],"1":[6],"2":[6],"3":[6,6],"4":[6,6],"5":[6,0],"6":[6,6],"7":[6,6,6],"8":[0,6],"9":[0,6],"10":[4,2],"11":[2,0],"12":[0,0],"13":[0,0],"14":[0,0],"15":[0,0],"16":[0,0],"17":[0,0],"18":[0,0],"19":[0,0],"20":[0,0],"21":[0,0],"22":[0,6],"23":[4,0,0,2,2],"24":[0,0],"25":[0,2],"26":[2,2],"27":[0,0],"28":[1,1],"29":[6,0],"30":[6,6],"31":[2,4],"32":[6,6],"33":[2,4],"34":[1,1],"35":[6,6],"36":[6,0],"37":[0],"38":[6],"39":[6],"40":[0],"41":[6],"42":[0,0],"43":[0,0],"44":[0,0],"45":[0,0],"46":[0,0],"47":[0,0],"48":[0,0],"49":[0,0],"50":[0,0],"51":[0,0],"52":[0,0],"53":[0,0],"54":[0,0],"55":[0,0],"56":[0,0],"57":[0,0],"58":[0,0],"59":[0,0],"60":[0,0],"61":[0,0],"62":[0,0],"63":[6,0],"64":[6,0]}}
,"/Users/julius/dev/ping/ut-oss/packages/react/src/components/index.tsx": {"path":"/Users/julius/dev/ping/ut-oss/packages/react/src/components/index.tsx","statementMap":{"0":{"start":{"line":21,"column":36},"end":{"line":46,"column":null}},"1":{"start":{"line":24,"column":2},"end":{"line":28,"column":null}},"2":{"start":{"line":30,"column":14},"end":{"line":30,"column":null}},"3":{"start":{"line":31,"column":16},"end":{"line":31,"column":null}},"4":{"start":{"line":33,"column":22},"end":{"line":43,"column":null}},"5":{"start":{"line":39,"column":4},"end":{"line":43,"column":null}},"6":{"start":{"line":45,"column":2},"end":{"line":45,"column":null}},"7":{"start":{"line":48,"column":38},"end":{"line":73,"column":null}},"8":{"start":{"line":51,"column":2},"end":{"line":55,"column":null}},"9":{"start":{"line":57,"column":14},"end":{"line":57,"column":null}},"10":{"start":{"line":58,"column":16},"end":{"line":58,"column":null}},"11":{"start":{"line":60,"column":24},"end":{"line":70,"column":null}},"12":{"start":{"line":66,"column":4},"end":{"line":70,"column":null}},"13":{"start":{"line":72,"column":2},"end":{"line":72,"column":null}},"14":{"start":{"line":75,"column":32},"end":{"line":96,"column":null}},"15":{"start":{"line":78,"column":2},"end":{"line":82,"column":null}},"16":{"start":{"line":84,"column":14},"end":{"line":84,"column":null}},"17":{"start":{"line":85,"column":16},"end":{"line":85,"column":null}},"18":{"start":{"line":87,"column":24},"end":{"line":93,"column":null}},"19":{"start":{"line":93,"column":4},"end":{"line":93,"column":null}},"20":{"start":{"line":95,"column":2},"end":{"line":95,"column":null}}},"fnMap":{"0":{"name":"(anonymous_0)","decl":{"start":{"line":21,"column":36},"end":{"line":21,"column":null}},"loc":{"start":{"line":23,"column":5},"end":{"line":46,"column":null}}},"1":{"name":"(anonymous_1)","decl":{"start":{"line":33,"column":22},"end":{"line":33,"column":null}},"loc":{"start":{"line":39,"column":4},"end":{"line":43,"column":null}}},"2":{"name":"(anonymous_2)","decl":{"start":{"line":48,"column":38},"end":{"line":48,"column":null}},"loc":{"start":{"line":50,"column":5},"end":{"line":73,"column":null}}},"3":{"name":"(anonymous_3)","decl":{"start":{"line":60,"column":24},"end":{"line":60,"column":null}},"loc":{"start":{"line":66,"column":4},"end":{"line":70,"column":null}}},"4":{"name":"(anonymous_4)","decl":{"start":{"line":75,"column":32},"end":{"line":75,"column":null}},"loc":{"start":{"line":77,"column":5},"end":{"line":96,"column":null}}},"5":{"name":"(anonymous_5)","decl":{"start":{"line":87,"column":24},"end":{"line":87,"column":null}},"loc":{"start":{"line":93,"column":4},"end":{"line":93,"column":null}}}},"branchMap":{"0":{"loc":{"start":{"line":31,"column":16},"end":{"line":31,"column":null}},"type":"binary-expr","locations":[{"start":{"line":31,"column":16},"end":{"line":31,"column":31}},{"start":{"line":31,"column":31},"end":{"line":31,"column":null}}]},"1":{"loc":{"start":{"line":58,"column":16},"end":{"line":58,"column":null}},"type":"binary-expr","locations":[{"start":{"line":58,"column":16},"end":{"line":58,"column":31}},{"start":{"line":58,"column":31},"end":{"line":58,"column":null}}]},"2":{"loc":{"start":{"line":85,"column":16},"end":{"line":85,"column":null}},"type":"binary-expr","locations":[{"start":{"line":85,"column":16},"end":{"line":85,"column":31}},{"start":{"line":85,"column":31},"end":{"line":85,"column":null}}]}},"s":{"0":3,"1":1,"2":1,"3":1,"4":1,"5":10,"6":1,"7":3,"8":1,"9":1,"10":1,"11":1,"12":2,"13":1,"14":3,"15":0,"16":0,"17":0,"18":0,"19":0,"20":0},"f":{"0":1,"1":10,"2":1,"3":2,"4":0,"5":0},"b":{"0":[1,1],"1":[1,1],"2":[0,0]}}
,"/Users/julius/dev/ping/ut-oss/packages/react/src/components/shared.tsx": {"path":"/Users/julius/dev/ping/ut-oss/packages/react/src/components/shared.tsx","statementMap":{"0":{"start":{"line":4,"column":2},"end":{"line":15,"column":null}},"1":{"start":{"line":24,"column":2},"end":{"line":35,"column":null}}},"fnMap":{"0":{"name":"Spinner","decl":{"start":{"line":3,"column":16},"end":{"line":3,"column":26}},"loc":{"start":{"line":3,"column":26},"end":{"line":17,"column":null}}},"1":{"name":"Cancel","decl":{"start":{"line":19,"column":16},"end":{"line":19,"column":23}},"loc":{"start":{"line":23,"column":60},"end":{"line":37,"column":null}}}},"branchMap":{},"s":{"0":0,"1":4},"f":{"0":0,"1":4},"b":{}}
,"/Users/julius/dev/ping/ut-oss/packages/react/src/components/uploader.tsx": {"path":"/Users/julius/dev/ping/ut-oss/packages/react/src/components/uploader.tsx","statementMap":{"0":{"start":{"line":18,"column":2},"end":{"line":34,"column":null}}},"fnMap":{"0":{"name":"Uploader","decl":{"start":{"line":10,"column":16},"end":{"line":10,"column":null}},"loc":{"start":{"line":17,"column":2},"end":{"line":36,"column":null}}}},"branchMap":{},"s":{"0":0},"f":{"0":0},"b":{}}
,"/Users/julius/dev/ping/ut-oss/packages/react/src/utils/useEvent.ts": {"path":"/Users/julius/dev/ping/ut-oss/packages/react/src/utils/useEvent.ts","statementMap":{"0":{"start":{"line":5,"column":13},"end":{"line":5,"column":null}},"1":{"start":{"line":5,"column":19},"end":{"line":5,"column":null}},"2":{"start":{"line":12,"column":2},"end":{"line":12,"column":null}},"3":{"start":{"line":24,"column":20},"end":{"line":27,"column":null}},"4":{"start":{"line":28,"column":2},"end":{"line":30,"column":null}},"5":{"start":{"line":29,"column":4},"end":{"line":29,"column":null}},"6":{"start":{"line":34,"column":20},"end":{"line":34,"column":null}},"7":{"start":{"line":36,"column":2},"end":{"line":39,"column":null}},"8":{"start":{"line":38,"column":4},"end":{"line":38,"column":null}},"9":{"start":{"line":41,"column":2},"end":{"line":41,"column":null}},"10":{"start":{"line":49,"column":2},"end":{"line":51,"column":null}}},"fnMap":{"0":{"name":"(anonymous_0)","decl":{"start":{"line":5,"column":13},"end":{"line":5,"column":19}},"loc":{"start":{"line":5,"column":19},"end":{"line":5,"column":null}}},"1":{"name":"useEvent","decl":{"start":{"line":20,"column":16},"end":{"line":20,"column":null}},"loc":{"start":{"line":22,"column":13},"end":{"line":42,"column":null}}},"2":{"name":"(anonymous_2)","decl":{"start":{"line":28,"column":21},"end":{"line":28,"column":27}},"loc":{"start":{"line":28,"column":27},"end":{"line":30,"column":5}}},"3":{"name":"(anonymous_3)","decl":{"start":{"line":36,"column":24},"end":{"line":36,"column":45}},"loc":{"start":{"line":36,"column":45},"end":{"line":39,"column":null}}},"4":{"name":"useEvent_shouldNotBeInvokedBeforeMount","decl":{"start":{"line":48,"column":9},"end":{"line":48,"column":50}},"loc":{"start":{"line":48,"column":50},"end":{"line":52,"column":null}}}},"branchMap":{"0":{"loc":{"start":{"line":12,"column":2},"end":{"line":12,"column":null}},"type":"cond-expr","locations":[{"start":{"line":12,"column":34},"end":{"line":12,"column":61}},{"start":{"line":12,"column":61},"end":{"line":12,"column":null}}]}},"s":{"0":3,"1":0,"2":3,"3":82,"4":82,"5":82,"6":82,"7":82,"8":4,"9":82,"10":0},"f":{"0":0,"1":82,"2":82,"3":4,"4":0},"b":{"0":[3,0]}}
,"/Users/julius/dev/ping/ut-oss/packages/react/src/utils/useFetch.ts": {"path":"/Users/julius/dev/ping/ut-oss/packages/react/src/utils/useFetch.ts","statementMap":{"0":{"start":{"line":25,"column":16},"end":{"line":25,"column":null}},"1":{"start":{"line":28,"column":24},"end":{"line":28,"column":null}},"2":{"start":{"line":30,"column":33},"end":{"line":33,"column":null}},"3":{"start":{"line":36,"column":23},"end":{"line":47,"column":null}},"4":{"start":{"line":37,"column":4},"end":{"line":46,"column":null}},"5":{"start":{"line":39,"column":8},"end":{"line":39,"column":null}},"6":{"start":{"line":41,"column":8},"end":{"line":41,"column":null}},"7":{"start":{"line":43,"column":8},"end":{"line":43,"column":null}},"8":{"start":{"line":45,"column":8},"end":{"line":45,"column":null}},"9":{"start":{"line":49,"column":28},"end":{"line":49,"column":null}},"10":{"start":{"line":51,"column":2},"end":{"line":96,"column":null}},"11":{"start":{"line":53,"column":4},"end":{"line":53,"column":null}},"12":{"start":{"line":53,"column":14},"end":{"line":53,"column":null}},"13":{"start":{"line":55,"column":4},"end":{"line":55,"column":null}},"14":{"start":{"line":57,"column":22},"end":{"line":86,"column":null}},"15":{"start":{"line":58,"column":6},"end":{"line":58,"column":null}},"16":{"start":{"line":61,"column":6},"end":{"line":64,"column":null}},"17":{"start":{"line":62,"column":8},"end":{"line":62,"column":null}},"18":{"start":{"line":63,"column":8},"end":{"line":63,"column":null}},"19":{"start":{"line":66,"column":6},"end":{"line":85,"column":null}},"20":{"start":{"line":67,"column":25},"end":{"line":67,"column":null}},"21":{"start":{"line":68,"column":8},"end":{"line":70,"column":null}},"22":{"start":{"line":69,"column":10},"end":{"line":69,"column":null}},"23":{"start":{"line":72,"column":28},"end":{"line":72,"column":null}},"24":{"start":{"line":73,"column":8},"end":{"line":75,"column":null}},"25":{"start":{"line":74,"column":10},"end":{"line":74,"column":null}},"26":{"start":{"line":77,"column":8},"end":{"line":77,"column":null}},"27":{"start":{"line":78,"column":8},"end":{"line":78,"column":null}},"28":{"start":{"line":78,"column":35},"end":{"line":78,"column":null}},"29":{"start":{"line":80,"column":8},"end":{"line":80,"column":null}},"30":{"start":{"line":82,"column":8},"end":{"line":82,"column":null}},"31":{"start":{"line":82,"column":35},"end":{"line":82,"column":null}},"32":{"start":{"line":84,"column":8},"end":{"line":84,"column":null}},"33":{"start":{"line":88,"column":4},"end":{"line":88,"column":null}},"34":{"start":{"line":92,"column":4},"end":{"line":94,"column":null}},"35":{"start":{"line":93,"column":6},"end":{"line":93,"column":null}},"36":{"start":{"line":98,"column":2},"end":{"line":98,"column":null}}},"fnMap":{"0":{"name":"useFetch","decl":{"start":{"line":20,"column":9},"end":{"line":20,"column":null}},"loc":{"start":{"line":24,"column":12},"end":{"line":99,"column":null}}},"1":{"name":"(anonymous_1)","decl":{"start":{"line":36,"column":23},"end":{"line":36,"column":24}},"loc":{"start":{"line":36,"column":73},"end":{"line":47,"column":null}}},"2":{"name":"(anonymous_2)","decl":{"start":{"line":51,"column":12},"end":{"line":51,"column":18}},"loc":{"start":{"line":51,"column":18},"end":{"line":96,"column":5}}},"3":{"name":"(anonymous_3)","decl":{"start":{"line":57,"column":22},"end":{"line":57,"column":34}},"loc":{"start":{"line":57,"column":34},"end":{"line":86,"column":null}}},"4":{"name":"(anonymous_4)","decl":{"start":{"line":92,"column":11},"end":{"line":92,"column":17}},"loc":{"start":{"line":92,"column":17},"end":{"line":94,"column":null}}}},"branchMap":{"0":{"loc":{"start":{"line":37,"column":4},"end":{"line":46,"column":null}},"type":"switch","locations":[{"start":{"line":38,"column":6},"end":{"line":39,"column":null}},{"start":{"line":40,"column":6},"end":{"line":41,"column":null}},{"start":{"line":42,"column":6},"end":{"line":43,"column":null}},{"start":{"line":44,"column":6},"end":{"line":45,"column":null}}]},"1":{"loc":{"start":{"line":53,"column":4},"end":{"line":53,"column":null}},"type":"if","locations":[{"start":{"line":53,"column":4},"end":{"line":53,"column":null}},{"start":{},"end":{}}]},"2":{"loc":{"start":{"line":61,"column":6},"end":{"line":64,"column":null}},"type":"if","locations":[{"start":{"line":61,"column":6},"end":{"line":64,"column":null}},{"start":{},"end":{}}]},"3":{"loc":{"start":{"line":68,"column":8},"end":{"line":70,"column":null}},"type":"if","locations":[{"start":{"line":68,"column":8},"end":{"line":70,"column":null}},{"start":{},"end":{}}]},"4":{"loc":{"start":{"line":73,"column":8},"end":{"line":75,"column":null}},"type":"if","locations":[{"start":{"line":73,"column":8},"end":{"line":75,"column":null}},{"start":{},"end":{}}]},"5":{"loc":{"start":{"line":78,"column":8},"end":{"line":78,"column":null}},"type":"if","locations":[{"start":{"line":78,"column":8},"end":{"line":78,"column":null}},{"start":{},"end":{}}]},"6":{"loc":{"start":{"line":82,"column":8},"end":{"line":82,"column":null}},"type":"if","locations":[{"start":{"line":82,"column":8},"end":{"line":82,"column":null}},{"start":{},"end":{}}]}},"s":{"0":41,"1":41,"2":41,"3":41,"4":21,"5":11,"6":10,"7":0,"8":0,"9":41,"10":41,"11":12,"12":1,"13":11,"14":11,"15":11,"16":11,"17":0,"18":0,"19":11,"20":11,"21":10,"22":0,"23":10,"24":10,"25":0,"26":10,"27":10,"28":0,"29":10,"30":0,"31":0,"32":0,"33":11,"34":11,"35":9,"36":41},"f":{"0":41,"1":21,"2":12,"3":11,"4":9},"b":{"0":[11,10,0,0],"1":[1,11],"2":[0,11],"3":[0,10],"4":[0,10],"5":[0,10],"6":[0,0]}}
,"/Users/julius/dev/ping/ut-oss/packages/react/src/utils/usePaste.ts": {"path":"/Users/julius/dev/ping/ut-oss/packages/react/src/utils/usePaste.ts","statementMap":{"0":{"start":{"line":6,"column":24},"end":{"line":18,"column":null}},"1":{"start":{"line":7,"column":25},"end":{"line":7,"column":null}},"2":{"start":{"line":9,"column":2},"end":{"line":17,"column":null}},"3":{"start":{"line":10,"column":23},"end":{"line":10,"column":null}},"4":{"start":{"line":11,"column":4},"end":{"line":13,"column":null}},"5":{"start":{"line":14,"column":4},"end":{"line":16,"column":null}},"6":{"start":{"line":15,"column":6},"end":{"line":15,"column":null}}},"fnMap":{"0":{"name":"(anonymous_0)","decl":{"start":{"line":6,"column":24},"end":{"line":6,"column":25}},"loc":{"start":{"line":6,"column":53},"end":{"line":18,"column":null}}},"1":{"name":"(anonymous_1)","decl":{"start":{"line":9,"column":12},"end":{"line":9,"column":18}},"loc":{"start":{"line":9,"column":18},"end":{"line":17,"column":5}}},"2":{"name":"(anonymous_2)","decl":{"start":{"line":14,"column":11},"end":{"line":14,"column":17}},"loc":{"start":{"line":14,"column":17},"end":{"line":16,"column":null}}}},"branchMap":{},"s":{"0":3,"1":41,"2":41,"3":12,"4":12,"5":12,"6":10},"f":{"0":41,"1":12,"2":10},"b":{}}
}
